#
# A fatal error has been detected by the Java Runtime Environment:
#
#  EXCEPTION_ACCESS_VIOLATION (0xc0000005) at pc=0x000001ac4a204c88, pid=19464, tid=19132
#
# JRE version: OpenJDK Runtime Environment Temurin-22.0.2+9 (22.0.2+9) (build 22.0.2+9)
# Java VM: OpenJDK 64-Bit Server VM Temurin-22.0.2+9 (22.0.2+9, mixed mode, tiered, compressed oops, compressed class ptrs, g1 gc, windows-amd64)
# Problematic frame:
# j  java.lang.invoke.DirectMethodHandle$Holder.newInvokeSpecial(Ljava/lang/Object;Ljava/lang/Object;)Ljava/lang/Object;+16 java.base@22.0.2
#
# No core dump will be written. Minidumps are not enabled by default on client versions of Windows
#
# If you would like to submit a bug report, please visit:
#   https://github.com/adoptium/adoptium-support/issues
#

---------------  S U M M A R Y ------------

Command Line: -XX:+ShowCodeDetailsInExceptionMessages -agentlib:jdwp=transport=dt_socket,suspend=y,address=localhost:58819 -ea -Dfile.encoding=UTF-8 -Dstdout.encoding=UTF-8 -Dstderr.encoding=UTF-8 org.testng.remote.RemoteTestNG -serport 58818 -protocol json -d D:\QA\Kurryzo_Web\test-output C:\Users\POOVAR~1.M\AppData\Local\Temp\testng-eclipse--1558773711\testng-customsuite.xml

Host: Intel(R) Core(TM) i5-8250U CPU @ 1.60GHz, 8 cores, 15G,  Windows 11 , 64 bit Build 26100 (10.0.26100.3037)
Time: Wed Feb 26 13:23:44 2025 India Standard Time elapsed time: 229.125168 seconds (0d 0h 3m 49s)

---------------  T H R E A D  ---------------

Current thread (0x000001ac3cdb2f70):  JavaThread "main"             [_thread_in_Java, id=19132, stack(0x00000017fcc00000,0x00000017fcd00000) (1024K)]

Stack: [0x00000017fcc00000,0x00000017fcd00000],  sp=0x00000017fccfd580,  free space=1013k
Native frames: (J=compiled Java code, j=interpreted, Vv=VM code, C=native code)
C  0x000001ac4a204c88  (no source info available)

The last pc belongs to invokestatic (printed below).

siginfo: EXCEPTION_ACCESS_VIOLATION (0xc0000005), reading address 0xffffffffffffffff


Registers:
RAX=0x000001ac5af0e338, RBX=0x000001ac5a650a68, RCX=0x000001ac5a5c1bc8, RDX=0x0000000000000002
RSP=0x00000017fccfd580, RBP=0x00000017fccfd5e0, RSI=0x000001ac6142f4d8, RDI=0x000001ac5fd420d0
R8 =0x0000000000000002, R9 =0x0000000000000002, R10=0x00007ffa05eb0cc0, R11=0x000001ac5a5bd368
R12=0x0000000000000000, R13=0xfffffffffffffff7, R14=0x00000017fccfd608, R15=0x000001ac3cdb2f70
RIP=0x000001ac4a204c88, EFLAGS=0x0000000000010282


Register to memory mapping:

RAX=0x000001ac5af0e338 is pointing into metadata
RBX={method} {0x000001ac5a650a70} 'linkToSpecial' '(Ljava/lang/Object;Ljava/lang/Object;Ljava/lang/invoke/MemberName;)V' in 'java/lang/invoke/MethodHandle'
RCX=0x000001ac5a5c1bc8 is pointing into metadata
RDX=0x0000000000000002 is an unknown value
RSP=0x00000017fccfd580 is pointing into the stack for thread: 0x000001ac3cdb2f70
RBP=0x00000017fccfd5e0 is pointing into the stack for thread: 0x000001ac3cdb2f70
RSI=0x000001ac6142f4d8 points into unknown readable memory: 0x80000700ea8b2ab2 | b2 2a 8b ea 00 07 00 80
RDI=0x000001ac5fd420d0 points into unknown readable memory: 0x0000002000000040 | 40 00 00 00 20 00 00 00
R8 =0x0000000000000002 is an unknown value
R9 =0x0000000000000002 is an unknown value
R10=0x00007ffa05eb0cc0 jvm.dll
R11={method} {0x000001ac5a5bd370} 'newInvokeSpecial' '(Ljava/lang/Object;Ljava/lang/Object;)Ljava/lang/Object;' in 'java/lang/invoke/DirectMethodHandle$Holder'
R12=0x0 is null
R13=0xfffffffffffffff7 is an unknown value
R14=0x00000017fccfd608 is pointing into the stack for thread: 0x000001ac3cdb2f70
R15=0x000001ac3cdb2f70 is a thread

Top of Stack: (sp=0x00000017fccfd580)
0x00000017fccfd580:   000001ac4a1e91fa 00000007028a2c20
0x00000017fccfd590:   0000000706277030 fffffffffffffff7
0x00000017fccfd5a0:   000001ac5a5bd358 0000000000000005
0x00000017fccfd5b0:   000001ac5a5c1fa0 000001ac5af0e330
0x00000017fccfd5c0:   0000000702573b40 000001ac5a5bd368
0x00000017fccfd5d0:   0000000000000000 00000017fccfd610
0x00000017fccfd5e0:   00000017fccfd928 000001ac43117440
0x00000017fccfd5f0:   0000000706276de8 0000000706277030
0x00000017fccfd600:   00000007028a2c20 0000000706276e18
0x00000017fccfd610:   0000000706276ff0 0000000706276700
0x00000017fccfd620:   0000000706277018 0000000706276ff0
0x00000017fccfd630:   00000007028a2c20 0000000706276fa0
0x00000017fccfd640:   0000000706276e18 00000007028a2c20
0x00000017fccfd650:   000001ac431172fc 000000070252a1d0
0x00000017fccfd660:   00000017fccfd928 000001ac43216763
0x00000017fccfd670:   00000017fccfd688 00000017fccfd6e0
0x00000017fccfd680:   000001ac4a1e9727 0000000706276ff0
0x00000017fccfd690:   0000000706277018 fffffffffffffff7
0x00000017fccfd6a0:   000001ac5a21e272 0000000000000003
0x00000017fccfd6b0:   000001ac5a21fe18 0000000000000000
0x00000017fccfd6c0:   000000070252a130 000001ac5a21e2c0
0x00000017fccfd6d0:   0000000000000000 00000017fccfd6f8
0x00000017fccfd6e0:   00000017fccfd748 000001ac4a1e9727
0x00000017fccfd6f0:   0000000706276ff0 0000000706277018
0x00000017fccfd700:   fffffffffffffff7 000001ac5a1aaa85
0x00000017fccfd710:   0000000000000005 000001ac00000001
0x00000017fccfd720:   0000000706277018 0000000706276b28
0x00000017fccfd730:   000001ac5a1aaad0 0000000000000000
0x00000017fccfd740:   00000017fccfd768 00000017fccfd7c0
0x00000017fccfd750:   00000017fccfd7c0 0000000706276ff0
0x00000017fccfd760:   00000007028a2c20 0000000706277018
0x00000017fccfd770:   0000000706277018 fffffffffffffff7 

Instructions: (pc=0x000001ac4a204c88)
0x000001ac4a204b88:   ff d0 48 83 c4 20 ff e0 49 83 7f 08 00 0f 84 05
0x000001ac4a204b98:   00 00 00 e9 60 c3 fd ff 4c 8b 6d c0 4c 8b 75 c8
0x000001ac4a204ba8:   4e 8d 74 f5 00 c3 48 8b 4d d0 41 0f b7 55 01 48
0x000001ac4a204bb8:   8b 49 30 6b d2 18 48 8d 4c 11 08 48 8b 19 48 8b
0x000001ac4a204bc8:   5b 08 48 8b 5b 08 48 8b 5b 18 80 bb 20 01 00 00
0x000001ac4a204bd8:   05 0f 84 0d 00 00 00 4c 3b bb 30 01 00 00 0f 85
0x000001ac4a204be8:   63 fe ff ff 0f b6 51 15 48 8b 19 4c 89 6d c0 44
0x000001ac4a204bf8:   8b ea 0f b6 51 14 49 ba c0 0c eb 05 fa 7f 00 00
0x000001ac4a204c08:   49 8b 14 d2 52 41 8b d5 4c 8b 6d c0 48 8b 45 d8
0x000001ac4a204c18:   48 85 c0 0f 84 12 00 00 00 48 83 40 08 01 48 83
0x000001ac4a204c28:   58 08 00 48 83 c0 10 48 89 45 d8 48 8b 45 d8 48
0x000001ac4a204c38:   85 c0 0f 84 23 01 00 00 80 78 f0 0a 0f 85 19 01
0x000001ac4a204c48:   00 00 48 83 c0 08 4c 8b 68 f8 41 83 ed 00 41 83
0x000001ac4a204c58:   fd 02 0f 8c f8 00 00 00 4c 8b 6b 08 45 0f b7 6d
0x000001ac4a204c68:   2e 4c 2b 28 41 83 ed 01 4e 8b 6c ec 08 4d 85 ed
0x000001ac4a204c78:   75 0e f6 40 08 01 75 4b f0 48 83 48 08 01 eb 43
0x000001ac4a204c88:   45 8b 6d 08 4d 8b d5 4c 33 68 08 49 f7 c5 fc ff
0x000001ac4a204c98:   ff ff 74 2f 41 f6 c5 02 75 29 48 83 78 08 00 74
0x000001ac4a204ca8:   1e 48 83 78 08 01 74 17 4d 8b ea 4c 33 68 08 49
0x000001ac4a204cb8:   f7 c5 fc ff ff ff 74 0b 48 83 48 08 02 eb 04 4c
0x000001ac4a204cc8:   89 68 08 48 83 c0 10 4c 8b 68 e8 41 83 ed 02 41
0x000001ac4a204cd8:   83 fd 02 0f 8c 77 00 00 00 4c 8b 6b 08 45 0f b7
0x000001ac4a204ce8:   6d 2e 4c 2b 28 41 83 ed 01 4e 8b 6c ec 08 4d 85
0x000001ac4a204cf8:   ed 75 0e f6 40 08 01 75 4b f0 48 83 48 08 01 eb
0x000001ac4a204d08:   43 45 8b 6d 08 4d 8b d5 4c 33 68 08 49 f7 c5 fc
0x000001ac4a204d18:   ff ff ff 74 2f 41 f6 c5 02 75 29 48 83 78 08 00
0x000001ac4a204d28:   74 1e 48 83 78 08 01 74 17 4d 8b ea 4c 33 68 08
0x000001ac4a204d38:   49 f7 c5 fc ff ff ff 74 0b 48 83 48 08 02 eb 04
0x000001ac4a204d48:   4c 89 68 08 48 83 c0 10 4c 8b 68 d8 41 83 ed 04
0x000001ac4a204d58:   41 c1 e5 03 49 03 c5 48 89 45 d8 4c 8d 6c 24 08
0x000001ac4a204d68:   49 8b cd 48 2b cd 48 c1 f9 03 48 89 4d f0 41 80
0x000001ac4a204d78:   bf e8 05 00 00 00 74 03 ff 63 38 ff 63 50 66 90 


Stack slot to memory mapping:

stack at sp + 0 slots: 0x000001ac4a1e91fa is at code_begin+3450 in an Interpreter codelet
return entry points  [0x000001ac4a1e8480, 0x000001ac4a1ea640]  8640 bytes
stack at sp + 1 slots: 0x00000007028a2c20 is an oop: utils.TestContextSetup 
{0x00000007028a2c20} - klass: 'utils/TestContextSetup'
 - ---- fields (total size 12 words):
 - private 'testBase' 'Lutils/TestBase;' @12  a 'utils/TestBase'{0x00000007028a2bc8} (0xe0514579)
 - private 'loginActions' 'Lactions/CustomerLoginActions;' @16  a 'actions/CustomerLoginActions'{0x0000000703e04720} (0xe07c08e4)
 - private 'homePageActions' 'Lactions/HomePageActions;' @20  a 'actions/HomePageActions'{0x0000000703dc2040} (0xe07b8408)
 - private 'storeListPageActions' 'Lactions/StoreListPageActions;' @24  a 'actions/StoreListPageActions'{0x0000000703dc19b8} (0xe07b8337)
 - private 'menuPageActions' 'Lactions/MenuPageActions;' @28  a 'actions/MenuPageActions'{0x0000000703dc07b0} (0xe07b80f6)
 - private 'checkOutPageActions' 'Lactions/CheckOutPageActions;' @32  a 'actions/CheckOutPageActions'{0x0000000703dbf960} (0xe07b7f2c)
 - private 'paymentPageActions' 'Lactions/PaymentPageActions;' @36  a 'actions/PaymentPageActions'{0x0000000703dbf510} (0xe07b7ea2)
 - private 'orderConfirmationPageActions' 'Lactions/OrderConfirmationPageActions;' @40  a 'actions/OrderConfirmationPageActions'{0x0000000703dbe718} (0xe07b7ce3)
 - private 'assertionUtils' 'Lutils/AssertionUtils;' @44  a 'utils/AssertionUtils'{0x0000000703dbe708} (0xe07b7ce1)
 - private 'waitUtils' 'Lutils/WaitUtils;' @48  a 'utils/WaitUtils'{0x0000000703dbe630} (0xe07b7cc6)
 - private 'browserActions' 'Lutils/BrowserActions;' @52  a 'utils/BrowserActions'{0x0000000703dbe618} (0xe07b7cc3)
 - private 'objDailyMenu' 'Lorg/json/JSONObject;' @56  a 'org/json/JSONObject'{0x0000000703dba8d0} (0xe07b751a)
 - private 'cart' 'Ljava/lang/ThreadLocal;' @60  a 'java/lang/ThreadLocal'{0x00000007028a4238} (0xe0514847)
 - private 'boLoginPage' 'LpageObjects/BoLoginPage;' @64  a 'pageObjects/BoLoginPage'{0x0000000703dba628} (0xe07b74c5)
 - private 'objPartnerLogin' 'Lorg/json/JSONObject;' @68  a 'org/json/JSONObject'{0x0000000703db9fa8} (0xe07b73f5)
 - private 'boLoginPageIncognito' 'LpageObjects/BoLoginPage;' @72  null (0x00000000)
 - private 'boMyOrdersActions' 'Lactions/BoMyOrdersActions;' @76  a 'actions/BoMyOrdersActions'{0x0000000703db99a8} (0xe07b7335)
 - private 'supportDashboardActions' 'Lactions/SupportDashboardActions;' @80  a 'actions/SupportDashboardActions'{0x0000000703db9810} (0xe07b7302)
 - private 'properties' 'Ljava/util/Properties;' @84  a 'java/util/Properties'{0x00000007028a4248} (0xe0514849)
 - 'incognitoDriver' 'Lorg/openqa/selenium/WebDriver;' @88  null (0x00000000)
stack at sp + 2 slots: 0x0000000706277030 is an oop: stepDefinitions.retail.RetailPickupOrderNowSteps 
{0x0000000706277030} - klass: 'stepDefinitions/retail/RetailPickupOrderNowSteps'
 - ---- fields (total size 8 words):
 - 'testContextSetup' 'Lutils/TestContextSetup;' @12  a 'utils/TestContextSetup'{0x00000007028a2c20} (0xe0514584)
 - private 'objDailyMenu' 'Lorg/json/JSONObject;' @16  a 'org/json/JSONObject'{0x0000000703dba8d0} (0xe07b751a)
 - private 'cart' 'LcartUtiils/Cart;' @20  a 'cartUtiils/Cart'{0x0000000703e66bf8} (0xe07ccd7f)
 - 'commonMethods' 'LcartUtiils/CommonReusableMethods;' @24  a 'cartUtiils/CommonReusableMethods'{0x0000000706277070} (0xe0c4ee0e)
 - private 'driver' 'Lorg/openqa/selenium/WebDriver;' @28  a 'org/openqa/selenium/edge/EdgeDriver'{0x0000000703e003c0} (0xe07c0078)
 - 'menuDetails' 'Lorg/json/JSONObject;' @32  a 'org/json/JSONObject'{0x0000000706278fa8} (0xe0c4f1f5)
 - 'partnerLoginDetails' 'Lorg/json/JSONObject;' @36  a 'org/json/JSONObject'{0x0000000703db9fa8} (0xe07b73f5)
 - private 'genericUtils' 'Lutils/GenericUtils;' @40  a 'utils/GenericUtils'{0x0000000706281300} (0xe0c50260)
 - private 'incognitoSupportDashboardPage' 'LpageObjects/SupportDashboardPage;' @44  null (0x00000000)
 - private 'incognitoSupportDashboardActions' 'Lactions/SupportDashboardActions;' @48  null (0x00000000)
 - private 'boUrl' 'Ljava/lang/String;' @52  null (0x00000000)
 - private 'statusNew' 'Ljava/lang/String;' @56  null (0x00000000)
stack at sp + 3 slots: 0xfffffffffffffff7 is an unknown value
stack at sp + 4 slots: 0x000001ac5a5bd358 is pointing into metadata
stack at sp + 5 slots: 0x0000000000000005 is an unknown value
stack at sp + 6 slots: 0x000001ac5a5c1fa0 is pointing into metadata
stack at sp + 7 slots: 0x000001ac5af0e330 is pointing into metadata

invokestatic  184 invokestatic  [0x000001ac4a204a00, 0x000001ac4a204d88]  904 bytes
[MachCode]
  0x000001ac4a204a00: 4883 ec08 | c5fa 1104 | 24eb 1f48 | 83ec 10c5 | fb11 0424 | eb14 4883 | ec10 4889 | 0424 48c7 
  0x000001ac4a204a20: 4424 0800 | 0000 00eb | 0150 488b | 4dd0 410f | b755 0148 | 8b49 306b | d218 488d | 4c11 080f 
  0x000001ac4a204a40: b659 1681 | fbb8 0000 | 000f 8474 | 0100 00bb | b800 0000 | e805 0000 | 00e9 5001 | 0000 488b 
  0x000001ac4a204a60: d348 8d44 | 2408 4c89 | 6dc0 498b | cfc5 f877 | 4989 afb0 | 0300 0049 | 8987 a003 | 0000 4883 
  0x000001ac4a204a80: ec20 40f6 | c40f 0f84 | 1900 0000 | 4883 ec08 | 48b8 103a | 5a05 fa7f | 0000 ffd0 | 4883 c408 
  0x000001ac4a204aa0: e90c 0000 | 0048 b810 | 3a5a 05fa | 7f00 00ff | d048 83c4 | 2049 c787 | a003 0000 | 0000 0000 
  0x000001ac4a204ac0: 49c7 87b0 | 0300 0000 | 0000 0049 | c787 a803 | 0000 0000 | 0000 c5f8 | 7741 8b8f | 3405 0000 
  0x000001ac4a204ae0: f6c1 010f | 8442 0000 | 00f6 c102 | 0f85 3900 | 0000 4883 | ec20 40f6 | c40f 0f84 | 1900 0000 
  0x000001ac4a204b00: 4883 ec08 | 48b8 10e4 | 5905 fa7f | 0000 ffd0 | 4883 c408 | e90c 0000 | 0048 b810 | e459 05fa 
  0x000001ac4a204b20: 7f00 00ff | d048 83c4 | 20ff e049 | 8b8f e005 | 0000 4885 | c90f 8455 | 0000 008b | 899c 0000 
  0x000001ac4a204b40: 0083 f901 | 0f85 4600 | 0000 498b | 8fe0 0500 | 008b 89a0 | 0000 0048 | 83ec 2040 | f6c4 0f0f 
  0x000001ac4a204b60: 8419 0000 | 0048 83ec | 0848 b800 | e459 05fa | 7f00 00ff | d048 83c4 | 08e9 0c00 | 0000 48b8 
  0x000001ac4a204b80: 00e4 5905 | fa7f 0000 | ffd0 4883 | c420 ffe0 | 4983 7f08 | 000f 8405 | 0000 00e9 | 60c3 fdff 
  0x000001ac4a204ba0: 4c8b 6dc0 | 4c8b 75c8 | 4e8d 74f5 | 00c3 488b | 4dd0 410f | b755 0148 | 8b49 306b | d218 488d 
  0x000001ac4a204bc0: 4c11 0848 | 8b19 488b | 5b08 488b | 5b08 488b | 5b18 80bb | 2001 0000 | 050f 840d | 0000 004c 
  0x000001ac4a204be0: 3bbb 3001 | 0000 0f85 | 63fe ffff | 0fb6 5115 | 488b 194c | 896d c044 | 8bea 0fb6 | 5114 49ba 
  0x000001ac4a204c00: c00c eb05 | fa7f 0000 | 498b 14d2 | 5241 8bd5 | 4c8b 6dc0 | 488b 45d8 | 4885 c00f | 8412 0000 
  0x000001ac4a204c20: 0048 8340 | 0801 4883 | 5808 0048 | 83c0 1048 | 8945 d848 | 8b45 d848 | 85c0 0f84 | 2301 0000 
  0x000001ac4a204c40: 8078 f00a | 0f85 1901 | 0000 4883 | c008 4c8b | 68f8 4183 | ed00 4183 | fd02 0f8c | f800 0000 
  0x000001ac4a204c60: 4c8b 6b08 | 450f b76d | 2e4c 2b28 | 4183 ed01 | 4e8b 6cec | 084d 85ed | 750e f640 | 0801 754b 
  0x000001ac4a204c80: f048 8348 | 0801 eb43 | 458b 6d08 | 4d8b d54c | 3368 0849 | f7c5 fcff | ffff 742f | 41f6 c502 
  0x000001ac4a204ca0: 7529 4883 | 7808 0074 | 1e48 8378 | 0801 7417 | 4d8b ea4c | 3368 0849 | f7c5 fcff | ffff 740b 
  0x000001ac4a204cc0: 4883 4808 | 02eb 044c | 8968 0848 | 83c0 104c | 8b68 e841 | 83ed 0241 | 83fd 020f | 8c77 0000 
  0x000001ac4a204ce0: 004c 8b6b | 0845 0fb7 | 6d2e 4c2b | 2841 83ed | 014e 8b6c | ec08 4d85 | ed75 0ef6 | 4008 0175 
  0x000001ac4a204d00: 4bf0 4883 | 4808 01eb | 4345 8b6d | 084d 8bd5 | 4c33 6808 | 49f7 c5fc | ffff ff74 | 2f41 f6c5 
  0x000001ac4a204d20: 0275 2948 | 8378 0800 | 741e 4883 | 7808 0174 | 174d 8bea | 4c33 6808 | 49f7 c5fc | ffff ff74 
  0x000001ac4a204d40: 0b48 8348 | 0802 eb04 | 4c89 6808 | 4883 c010 | 4c8b 68d8 | 4183 ed04 | 41c1 e503 | 4903 c548 
  0x000001ac4a204d60: 8945 d84c | 8d6c 2408 | 498b cd48 | 2bcd 48c1 | f903 4889 | 4df0 4180 | bfe8 0500 | 0000 7403 
  0x000001ac4a204d80: ff63 38ff | 6350 6690 
[/MachCode]

---------------  P R O C E S S  ---------------

Threads class SMR info:
_java_thread_list=0x000001ac619ed600, length=21, elements={
0x000001ac3cdb2f70, 0x000001ac59aaf2b0, 0x000001ac59ab24a0, 0x000001ac59ad7fb0,
0x000001ac59ac8ce0, 0x000001ac59adc310, 0x000001ac59adc980, 0x000001ac59adf200,
0x000001ac59adfcb0, 0x000001ac59cb1a20, 0x000001ac59cbfa80, 0x000001ac59cc2b30,
0x000001ac59ccb080, 0x000001ac59cdd610, 0x000001ac5eb765c0, 0x000001ac61a37950,
0x000001ac6407e500, 0x000001ac5fad2ac0, 0x000001ac5fe401c0, 0x000001ac60ad9e00,
0x000001ac63745510
}

Java Threads: ( => current thread )
=>0x000001ac3cdb2f70 JavaThread "main"                              [_thread_in_Java, id=19132, stack(0x00000017fcc00000,0x00000017fcd00000) (1024K)]
  0x000001ac59aaf2b0 JavaThread "Reference Handler"          daemon [_thread_blocked, id=19600, stack(0x00000017fd400000,0x00000017fd500000) (1024K)]
  0x000001ac59ab24a0 JavaThread "Finalizer"                  daemon [_thread_blocked, id=16868, stack(0x00000017fd500000,0x00000017fd600000) (1024K)]
  0x000001ac59ad7fb0 JavaThread "Signal Dispatcher"          daemon [_thread_blocked, id=10284, stack(0x00000017fd600000,0x00000017fd700000) (1024K)]
  0x000001ac59ac8ce0 JavaThread "Attach Listener"            daemon [_thread_blocked, id=19984, stack(0x00000017fd700000,0x00000017fd800000) (1024K)]
  0x000001ac59adc310 JavaThread "Service Thread"             daemon [_thread_blocked, id=3788, stack(0x00000017fd800000,0x00000017fd900000) (1024K)]
  0x000001ac59adc980 JavaThread "Monitor Deflation Thread"   daemon [_thread_blocked, id=8936, stack(0x00000017fd900000,0x00000017fda00000) (1024K)]
  0x000001ac59adf200 JavaThread "C2 CompilerThread0"         daemon [_thread_blocked, id=19532, stack(0x00000017fda00000,0x00000017fdb00000) (1024K)]
  0x000001ac59adfcb0 JavaThread "C1 CompilerThread0"         daemon [_thread_blocked, id=15576, stack(0x00000017fdb00000,0x00000017fdc00000) (1024K)]
  0x000001ac59cb1a20 JavaThread "JDWP Transport Listener: dt_socket" daemon [_thread_blocked, id=8456, stack(0x00000017fdc00000,0x00000017fdd00000) (1024K)]
  0x000001ac59cbfa80 JavaThread "JDWP Event Helper Thread"   daemon [_thread_blocked, id=16312, stack(0x00000017fdd00000,0x00000017fde00000) (1024K)]
  0x000001ac59cc2b30 JavaThread "JDWP Command Reader"        daemon [_thread_in_native, id=9332, stack(0x00000017fde00000,0x00000017fdf00000) (1024K)]
  0x000001ac59ccb080 JavaThread "Notification Thread"        daemon [_thread_blocked, id=14564, stack(0x00000017fdf00000,0x00000017fe000000) (1024K)]
  0x000001ac59cdd610 JavaThread "Common-Cleaner"             daemon [_thread_blocked, id=3144, stack(0x00000017fe000000,0x00000017fe100000) (1024K)]
  0x000001ac5eb765c0 JavaThread "ReaderThread"                      [_thread_in_native, id=2612, stack(0x00000017fe400000,0x00000017fe500000) (1024K)]
  0x000001ac61a37950 JavaThread "HttpClient-1-SelectorManager" daemon [_thread_in_native, id=20152, stack(0x00000017fee00000,0x00000017fef00000) (1024K)]
  0x000001ac6407e500 JavaThread "External Process Output Forwarder - C:\Users\Poovarasan.M\.cache\selenium\msedgedriver\win64\133.0.3065.82\msedgedriver.exe" daemon [_thread_in_native, id=22040, stack(0x00000017fef00000,0x00000017ff000000) (1024K)]
  0x000001ac5fad2ac0 JavaThread "Driver Service Executor"    daemon [_thread_blocked, id=17372, stack(0x00000017ff000000,0x00000017ff100000) (1024K)]
  0x000001ac5fe401c0 JavaThread "Driver Service Executor"    daemon [_thread_blocked, id=10760, stack(0x00000017ff100000,0x00000017ff200000) (1024K)]
  0x000001ac60ad9e00 JavaThread "CompletableFutureDelayScheduler" daemon [_thread_blocked, id=18460, stack(0x00000017ff400000,0x00000017ff500000) (1024K)]
  0x000001ac63745510 JavaThread "HttpClient-2-SelectorManager" daemon [_thread_in_native, id=14208, stack(0x00000017ff800000,0x00000017ff900000) (1024K)]
Total: 21

Other Threads:
  0x000001ac59a4dc20 VMThread "VM Thread"                           [id=13124, stack(0x00000017fd300000,0x00000017fd400000) (1024K)]
  0x000001ac57118910 WatcherThread "VM Periodic Task Thread"        [id=3620, stack(0x00000017fd200000,0x00000017fd300000) (1024K)]
  0x000001ac3f239dd0 WorkerThread "GC Thread#0"                     [id=3596, stack(0x00000017fcd00000,0x00000017fce00000) (1024K)]
  0x000001ac5f0f4bd0 WorkerThread "GC Thread#1"                     [id=10040, stack(0x00000017fe500000,0x00000017fe600000) (1024K)]
  0x000001ac5f0f4f80 WorkerThread "GC Thread#2"                     [id=14884, stack(0x00000017fe600000,0x00000017fe700000) (1024K)]
  0x000001ac5ee94e20 WorkerThread "GC Thread#3"                     [id=5620, stack(0x00000017fe700000,0x00000017fe800000) (1024K)]
  0x000001ac5ee955e0 WorkerThread "GC Thread#4"                     [id=6408, stack(0x00000017fe800000,0x00000017fe900000) (1024K)]
  0x000001ac5ee95990 WorkerThread "GC Thread#5"                     [id=4316, stack(0x00000017fe900000,0x00000017fea00000) (1024K)]
  0x000001ac5f48e9a0 WorkerThread "GC Thread#6"                     [id=16676, stack(0x00000017fea00000,0x00000017feb00000) (1024K)]
  0x000001ac5f4de9b0 WorkerThread "GC Thread#7"                     [id=21472, stack(0x00000017feb00000,0x00000017fec00000) (1024K)]
  0x000001ac3f2481e0 ConcurrentGCThread "G1 Main Marker"            [id=3840, stack(0x00000017fce00000,0x00000017fcf00000) (1024K)]
  0x000001ac3f248c00 WorkerThread "G1 Conc#0"                       [id=23168, stack(0x00000017fcf00000,0x00000017fd000000) (1024K)]
  0x000001ac5f747440 WorkerThread "G1 Conc#1"                       [id=13052, stack(0x00000017fec00000,0x00000017fed00000) (1024K)]
  0x000001ac56fec2e0 ConcurrentGCThread "G1 Refine#0"               [id=19756, stack(0x00000017fd000000,0x00000017fd100000) (1024K)]
  0x000001ac56fedb20 ConcurrentGCThread "G1 Service"                [id=15432, stack(0x00000017fd100000,0x00000017fd200000) (1024K)]
Total: 15

Threads with active compile tasks:
Total: 0

VM state: not at safepoint (normal execution)

VM Mutex/Monitor currently owned by a thread: None

Heap address: 0x0000000702200000, size: 4062 MB, Compressed Oops mode: Zero based, Oop shift amount: 3

CDS archive(s) not mapped
Compressed class space mapped at: 0x000000008d000000-0x00000000cd000000, reserved size: 1073741824
Narrow klass base: 0x0000000000000000, Narrow klass shift: 0, Narrow klass range: 0xcd000000

GC Precious Log:
 CardTable entry size: 512
 Card Set container configuration: InlinePtr #cards 4 size 8 Array Of Cards #cards 16 size 48 Howl #buckets 8 coarsen threshold 3686 Howl Bitmap #cards 512 size 80 coarsen threshold 460 Card regions per heap region 1 cards per card region 4096
 CPUs: 8 total, 8 available
 Memory: 16242M
 Large Page Support: Disabled
 NUMA Support: Disabled
 Compressed Oops: Enabled (Zero based)
 Heap Region Size: 2M
 Heap Min Capacity: 8M
 Heap Initial Capacity: 254M
 Heap Max Capacity: 4062M
 Pre-touch: Disabled
 Parallel Workers: 8
 Concurrent Workers: 2
 Concurrent Refinement Workers: 8
 Periodic GC: Disabled

Heap:
 garbage-first heap   total reserved 4159488K, committed 69632K, used 25361K [0x0000000702200000, 0x0000000800000000)
  region size 2048K, 5 young (10240K), 3 survivors (6144K)
 Metaspace       used 47614K, committed 48128K, reserved 1114112K
  class space    used 5550K, committed 5760K, reserved 1048576K

Heap Regions: E=young(eden), S=young(survivor), O=old, HS=humongous(starts), HC=humongous(continues), CS=collection set, F=free, TAMS=top-at-mark-start, PB=parsable bottom
|   0|0x0000000702200000, 0x0000000702400000, 0x0000000702400000|100%| O|  |TAMS 0x0000000702200000| PB 0x0000000702200000| Untracked |  0
|   1|0x0000000702400000, 0x0000000702600000, 0x0000000702600000|100%| O|  |TAMS 0x0000000702400000| PB 0x0000000702400000| Untracked |  0
|   2|0x0000000702600000, 0x0000000702800000, 0x0000000702800000|100%| O|  |TAMS 0x0000000702600000| PB 0x0000000702600000| Untracked |  0
|   3|0x0000000702800000, 0x0000000702a00000, 0x0000000702a00000|100%| O|  |TAMS 0x0000000702800000| PB 0x0000000702800000| Untracked |  0
|   4|0x0000000702a00000, 0x0000000702c00000, 0x0000000702c00000|100%| O|  |TAMS 0x0000000702a00000| PB 0x0000000702a00000| Untracked |  0
|   5|0x0000000702c00000, 0x0000000702dd6b10, 0x0000000702e00000| 91%| O|  |TAMS 0x0000000702c00000| PB 0x0000000702c00000| Untracked |  0
|   6|0x0000000702e00000, 0x0000000702e00000, 0x0000000703000000|  0%| F|  |TAMS 0x0000000702e00000| PB 0x0000000702e00000| Untracked |  0
|   7|0x0000000703000000, 0x0000000703200000, 0x0000000703200000|100%| O|  |TAMS 0x0000000703000000| PB 0x0000000703000000| Untracked |  0
|   8|0x0000000703200000, 0x0000000703400000, 0x0000000703400000|100%| O|  |TAMS 0x0000000703200000| PB 0x0000000703200000| Untracked |  0
|   9|0x0000000703400000, 0x0000000703600000, 0x0000000703600000|100%| O|Cm|TAMS 0x0000000703400000| PB 0x0000000703400000| Complete |  0
|  10|0x0000000703600000, 0x0000000703600000, 0x0000000703800000|  0%| F|  |TAMS 0x0000000703600000| PB 0x0000000703600000| Untracked |  0
|  11|0x0000000703800000, 0x0000000703800000, 0x0000000703a00000|  0%| F|  |TAMS 0x0000000703800000| PB 0x0000000703800000| Untracked |  0
|  12|0x0000000703a00000, 0x0000000703aedc10, 0x0000000703c00000| 46%| S|CS|TAMS 0x0000000703a00000| PB 0x0000000703a00000| Complete |  0
|  13|0x0000000703c00000, 0x0000000703e00000, 0x0000000703e00000|100%| S|CS|TAMS 0x0000000703c00000| PB 0x0000000703c00000| Complete |  0
|  14|0x0000000703e00000, 0x0000000704000000, 0x0000000704000000|100%| S|CS|TAMS 0x0000000703e00000| PB 0x0000000703e00000| Complete |  0
|  15|0x0000000704000000, 0x0000000704000000, 0x0000000704200000|  0%| F|  |TAMS 0x0000000704000000| PB 0x0000000704000000| Untracked |  0
|  16|0x0000000704200000, 0x0000000704200000, 0x0000000704400000|  0%| F|  |TAMS 0x0000000704200000| PB 0x0000000704200000| Untracked |  0
|  17|0x0000000704400000, 0x0000000704400000, 0x0000000704600000|  0%| F|  |TAMS 0x0000000704400000| PB 0x0000000704400000| Untracked |  0
|  18|0x0000000704600000, 0x0000000704600000, 0x0000000704800000|  0%| F|  |TAMS 0x0000000704600000| PB 0x0000000704600000| Untracked |  0
|  19|0x0000000704800000, 0x0000000704800000, 0x0000000704a00000|  0%| F|  |TAMS 0x0000000704800000| PB 0x0000000704800000| Untracked |  0
|  20|0x0000000704a00000, 0x0000000704a00000, 0x0000000704c00000|  0%| F|  |TAMS 0x0000000704a00000| PB 0x0000000704a00000| Untracked |  0
|  21|0x0000000704c00000, 0x0000000704c00000, 0x0000000704e00000|  0%| F|  |TAMS 0x0000000704c00000| PB 0x0000000704c00000| Untracked |  0
|  22|0x0000000704e00000, 0x0000000704e00000, 0x0000000705000000|  0%| F|  |TAMS 0x0000000704e00000| PB 0x0000000704e00000| Untracked |  0
|  23|0x0000000705000000, 0x0000000705000000, 0x0000000705200000|  0%| F|  |TAMS 0x0000000705000000| PB 0x0000000705000000| Untracked |  0
|  24|0x0000000705200000, 0x0000000705200000, 0x0000000705400000|  0%| F|  |TAMS 0x0000000705200000| PB 0x0000000705200000| Untracked |  0
|  25|0x0000000705400000, 0x0000000705400000, 0x0000000705600000|  0%| F|  |TAMS 0x0000000705400000| PB 0x0000000705400000| Untracked |  0
|  26|0x0000000705600000, 0x0000000705600000, 0x0000000705800000|  0%| F|  |TAMS 0x0000000705600000| PB 0x0000000705600000| Untracked |  0
|  27|0x0000000705800000, 0x0000000705800000, 0x0000000705a00000|  0%| F|  |TAMS 0x0000000705800000| PB 0x0000000705800000| Untracked |  0
|  28|0x0000000705a00000, 0x0000000705a00000, 0x0000000705c00000|  0%| F|  |TAMS 0x0000000705a00000| PB 0x0000000705a00000| Untracked |  0
|  29|0x0000000705c00000, 0x0000000705c00000, 0x0000000705e00000|  0%| F|  |TAMS 0x0000000705c00000| PB 0x0000000705c00000| Untracked |  0
|  30|0x0000000705e00000, 0x0000000705e00000, 0x0000000706000000|  0%| F|  |TAMS 0x0000000705e00000| PB 0x0000000705e00000| Untracked |  0
|  31|0x0000000706000000, 0x0000000706000000, 0x0000000706200000|  0%| F|  |TAMS 0x0000000706000000| PB 0x0000000706000000| Untracked |  0
|  32|0x0000000706200000, 0x00000007063d5518, 0x0000000706400000| 91%| E|  |TAMS 0x0000000706200000| PB 0x0000000706200000| Complete |  0
| 126|0x0000000711e00000, 0x0000000712000000, 0x0000000712000000|100%| E|CS|TAMS 0x0000000711e00000| PB 0x0000000711e00000| Complete |  0

Card table byte_map: [0x000001ac527d0000,0x000001ac52fc0000] _byte_map_base: 0x000001ac4efbf000

Marking Bits: (CMBitMap*) 0x000001ac3f23a3f0
 Bits: [0x000001ac52fc0000, 0x000001ac56f38000)

Polling page: 0x000001ac3d080000

Metaspace:

Usage:
  Non-class:     41.08 MB used.
      Class:      5.42 MB used.
       Both:     46.50 MB used.

Virtual space:
  Non-class space:       64.00 MB reserved,      41.38 MB ( 65%) committed,  1 nodes.
      Class space:        1.00 GB reserved,       5.62 MB ( <1%) committed,  1 nodes.
             Both:        1.06 GB reserved,      47.00 MB (  4%) committed. 

Chunk freelists:
   Non-Class:  6.53 MB
       Class:  10.34 MB
        Both:  16.88 MB

MaxMetaspaceSize: unlimited
CompressedClassSpaceSize: 1.00 GB
Initial GC threshold: 21.00 MB
Current GC threshold: 61.81 MB
CDS: off
 - commit_granule_bytes: 65536.
 - commit_granule_words: 8192.
 - virtual_space_node_default_size: 8388608.
 - enlarge_chunks_in_place: 1.
 - use_allocation_guard: 0.


Internal statistics:

num_allocs_failed_limit: 6.
num_arena_births: 620.
num_arena_deaths: 0.
num_vsnodes_births: 2.
num_vsnodes_deaths: 0.
num_space_committed: 752.
num_space_uncommitted: 0.
num_chunks_returned_to_freelist: 6.
num_chunks_taken_from_freelist: 1830.
num_chunk_merges: 6.
num_chunk_splits: 1225.
num_chunks_enlarged: 876.
num_inconsistent_stats: 0.

CodeHeap 'non-profiled nmethods': size=120000Kb used=1968Kb max_used=1968Kb free=118031Kb
 bounds [0x000001ac4a780000, 0x000001ac4a9f0000, 0x000001ac51cb0000]
CodeHeap 'profiled nmethods': size=120000Kb used=7048Kb max_used=7048Kb free=112951Kb
 bounds [0x000001ac42cb0000, 0x000001ac433a0000, 0x000001ac4a1e0000]
CodeHeap 'non-nmethods': size=5760Kb used=1702Kb max_used=1738Kb free=4058Kb
 bounds [0x000001ac4a1e0000, 0x000001ac4a450000, 0x000001ac4a780000]
 total_blobs=4338 nmethods=3657 adapters=584
 compilation: enabled
              stopped_count=0, restarted_count=0
 full_count=0

Compilation events (20 events):
Event: 34.305 Thread 0x000001ac59adfcb0 4078       3       java.util.TreeSet::isEmpty (10 bytes)
Event: 34.305 Thread 0x000001ac59adfcb0 nmethod 4078 0x000001ac4338a710 code [0x000001ac4338a8c0, 0x000001ac4338aa98]
Event: 46.129 Thread 0x000001ac59adfcb0 4079   !   3       jdk.internal.net.http.HttpClientImpl::finished (58 bytes)
Event: 46.130 Thread 0x000001ac59adfcb0 nmethod 4079 0x000001ac4338ab90 code [0x000001ac4338ada0, 0x000001ac4338b598]
Event: 46.130 Thread 0x000001ac59adfcb0 4080       3       jdk.internal.net.http.HttpClientImpl::referenceCount (8 bytes)
Event: 46.130 Thread 0x000001ac59adfcb0 nmethod 4080 0x000001ac4338b890 code [0x000001ac4338ba20, 0x000001ac4338bb60]
Event: 49.035 Thread 0x000001ac59adfcb0 4081   !   3       jdk.internal.net.http.HttpClientImpl::purgeTimeoutsAndReturnNextDeadline (326 bytes)
Event: 49.037 Thread 0x000001ac59adfcb0 nmethod 4081 0x000001ac4338bc10 code [0x000001ac4338c080, 0x000001ac4338e7f0]
Event: 61.053 Thread 0x000001ac59adfcb0 4082       3       java.util.HashSet::clear (8 bytes)
Event: 61.053 Thread 0x000001ac59adfcb0 nmethod 4082 0x000001ac4338f790 code [0x000001ac4338f940, 0x000001ac4338fb18]
Event: 61.179 Thread 0x000001ac59adfcb0 4083       3       sun.nio.ch.Util$2::clear (10 bytes)
Event: 61.179 Thread 0x000001ac59adfcb0 nmethod 4083 0x000001ac4338fc10 code [0x000001ac4338fdc0, 0x000001ac4338ff98]
Event: 61.179 Thread 0x000001ac59adfcb0 4084   !   3       sun.nio.ch.SelectorImpl::lockAndDoSelect (87 bytes)
Event: 61.180 Thread 0x000001ac59adfcb0 nmethod 4084 0x000001ac43390090 code [0x000001ac433902c0, 0x000001ac433909e8]
Event: 61.180 Thread 0x000001ac59adfcb0 4085   !   3       sun.nio.ch.WEPollSelectorImpl::doSelect (132 bytes)
Event: 61.180 Thread 0x000001ac59adfcb0 nmethod 4085 0x000001ac43390e90 code [0x000001ac43391160, 0x000001ac43391d20]
Event: 115.315 Thread 0x000001ac59adfcb0 4086       3       jdk.internal.net.http.ConnectionPool::purgeExpiredConnectionsAndReturnNextDeadline (26 bytes)
Event: 115.315 Thread 0x000001ac59adfcb0 nmethod 4086 0x000001ac43392310 code [0x000001ac433924e0, 0x000001ac43392740]
Event: 115.315 Thread 0x000001ac59adfcb0 4087       3       sun.nio.ch.SelectorImpl::select (35 bytes)
Event: 115.316 Thread 0x000001ac59adfcb0 nmethod 4087 0x000001ac43392890 code [0x000001ac43392a60, 0x000001ac43392d30]

GC Heap History (18 events):
Event: 0.912 GC heap before
{Heap before GC invocations=0 (full 0):
 garbage-first heap   total reserved 4159488K, committed 260096K, used 22528K [0x0000000702200000, 0x0000000800000000)
  region size 2048K, 12 young (24576K), 0 survivors (0K)
 Metaspace       used 15177K, committed 15360K, reserved 1114112K
  class space    used 1508K, committed 1600K, reserved 1048576K
}
Event: 0.917 GC heap after
{Heap after GC invocations=1 (full 0):
 garbage-first heap   total reserved 4159488K, committed 260096K, used 7464K [0x0000000702200000, 0x0000000800000000)
  region size 2048K, 2 young (4096K), 2 survivors (4096K)
 Metaspace       used 15177K, committed 15360K, reserved 1114112K
  class space    used 1508K, committed 1600K, reserved 1048576K
}
Event: 1.289 GC heap before
{Heap before GC invocations=1 (full 0):
 garbage-first heap   total reserved 4159488K, committed 260096K, used 25896K [0x0000000702200000, 0x0000000800000000)
  region size 2048K, 12 young (24576K), 2 survivors (4096K)
 Metaspace       used 21230K, committed 21504K, reserved 1114112K
  class space    used 2185K, committed 2304K, reserved 1048576K
}
Event: 1.293 GC heap after
{Heap after GC invocations=2 (full 0):
 garbage-first heap   total reserved 4159488K, committed 260096K, used 9605K [0x0000000702200000, 0x0000000800000000)
  region size 2048K, 1 young (2048K), 1 survivors (2048K)
 Metaspace       used 21230K, committed 21504K, reserved 1114112K
  class space    used 2185K, committed 2304K, reserved 1048576K
}
Event: 1.695 GC heap before
{Heap before GC invocations=3 (full 0):
 garbage-first heap   total reserved 4159488K, committed 34816K, used 28037K [0x0000000702200000, 0x0000000800000000)
  region size 2048K, 10 young (20480K), 1 survivors (2048K)
 Metaspace       used 26329K, committed 26688K, reserved 1114112K
  class space    used 2828K, committed 3008K, reserved 1048576K
}
Event: 1.699 GC heap after
{Heap after GC invocations=4 (full 0):
 garbage-first heap   total reserved 4159488K, committed 34816K, used 10927K [0x0000000702200000, 0x0000000800000000)
  region size 2048K, 2 young (4096K), 2 survivors (4096K)
 Metaspace       used 26329K, committed 26688K, reserved 1114112K
  class space    used 2828K, committed 3008K, reserved 1048576K
}
Event: 2.107 GC heap before
{Heap before GC invocations=4 (full 0):
 garbage-first heap   total reserved 4159488K, committed 34816K, used 25263K [0x0000000702200000, 0x0000000800000000)
  region size 2048K, 9 young (18432K), 2 survivors (4096K)
 Metaspace       used 29687K, committed 30016K, reserved 1114112K
  class space    used 3281K, committed 3392K, reserved 1048576K
}
Event: 2.113 GC heap after
{Heap after GC invocations=5 (full 0):
 garbage-first heap   total reserved 4159488K, committed 34816K, used 12473K [0x0000000702200000, 0x0000000800000000)
  region size 2048K, 2 young (4096K), 2 survivors (4096K)
 Metaspace       used 29687K, committed 30016K, reserved 1114112K
  class space    used 3281K, committed 3392K, reserved 1048576K
}
Event: 2.369 GC heap before
{Heap before GC invocations=5 (full 0):
 garbage-first heap   total reserved 4159488K, committed 34816K, used 24761K [0x0000000702200000, 0x0000000800000000)
  region size 2048K, 9 young (18432K), 2 survivors (4096K)
 Metaspace       used 33145K, committed 33472K, reserved 1114112K
  class space    used 3669K, committed 3840K, reserved 1048576K
}
Event: 2.375 GC heap after
{Heap after GC invocations=6 (full 0):
 garbage-first heap   total reserved 4159488K, committed 34816K, used 14582K [0x0000000702200000, 0x0000000800000000)
  region size 2048K, 2 young (4096K), 2 survivors (4096K)
 Metaspace       used 33145K, committed 33472K, reserved 1114112K
  class space    used 3669K, committed 3840K, reserved 1048576K
}
Event: 2.554 GC heap before
{Heap before GC invocations=6 (full 0):
 garbage-first heap   total reserved 4159488K, committed 34816K, used 24822K [0x0000000702200000, 0x0000000800000000)
  region size 2048K, 8 young (16384K), 2 survivors (4096K)
 Metaspace       used 35673K, committed 36096K, reserved 1114112K
  class space    used 3955K, committed 4160K, reserved 1048576K
}
Event: 2.559 GC heap after
{Heap after GC invocations=7 (full 0):
 garbage-first heap   total reserved 4159488K, committed 34816K, used 15916K [0x0000000702200000, 0x0000000800000000)
  region size 2048K, 1 young (2048K), 1 survivors (2048K)
 Metaspace       used 35673K, committed 36096K, reserved 1114112K
  class space    used 3955K, committed 4160K, reserved 1048576K
}
Event: 2.709 GC heap before
{Heap before GC invocations=8 (full 0):
 garbage-first heap   total reserved 4159488K, committed 34816K, used 26156K [0x0000000702200000, 0x0000000800000000)
  region size 2048K, 6 young (12288K), 1 survivors (2048K)
 Metaspace       used 37368K, committed 37760K, reserved 1114112K
  class space    used 4150K, committed 4352K, reserved 1048576K
}
Event: 2.711 GC heap after
{Heap after GC invocations=9 (full 0):
 garbage-first heap   total reserved 4159488K, committed 34816K, used 17653K [0x0000000702200000, 0x0000000800000000)
  region size 2048K, 1 young (2048K), 1 survivors (2048K)
 Metaspace       used 37368K, committed 37760K, reserved 1114112K
  class space    used 4150K, committed 4352K, reserved 1048576K
}
Event: 2.769 GC heap before
{Heap before GC invocations=9 (full 0):
 garbage-first heap   total reserved 4159488K, committed 34816K, used 27893K [0x0000000702200000, 0x0000000800000000)
  region size 2048K, 6 young (12288K), 1 survivors (2048K)
 Metaspace       used 37467K, committed 37888K, reserved 1114112K
  class space    used 4150K, committed 4352K, reserved 1048576K
}
Event: 2.774 GC heap after
{Heap after GC invocations=10 (full 0):
 garbage-first heap   total reserved 4159488K, committed 147456K, used 20314K [0x0000000702200000, 0x0000000800000000)
  region size 2048K, 1 young (2048K), 1 survivors (2048K)
 Metaspace       used 37467K, committed 37888K, reserved 1114112K
  class space    used 4150K, committed 4352K, reserved 1048576K
}
Event: 9.799 GC heap before
{Heap before GC invocations=11 (full 0):
 garbage-first heap   total reserved 4159488K, committed 69632K, used 57178K [0x0000000702200000, 0x0000000800000000)
  region size 2048K, 20 young (40960K), 1 survivors (2048K)
 Metaspace       used 47481K, committed 48000K, reserved 1114112K
  class space    used 5546K, committed 5760K, reserved 1048576K
}
Event: 9.805 GC heap after
{Heap after GC invocations=12 (full 0):
 garbage-first heap   total reserved 4159488K, committed 69632K, used 23313K [0x0000000702200000, 0x0000000800000000)
  region size 2048K, 3 young (6144K), 3 survivors (6144K)
 Metaspace       used 47481K, committed 48000K, reserved 1114112K
  class space    used 5546K, committed 5760K, reserved 1048576K
}

Dll operation events (11 events):
Event: 0.010 Loaded shared library C:\Users\Poovarasan.M\.p2\pool\plugins\org.eclipse.justj.openjdk.hotspot.jre.full.win32.x86_64_22.0.2.v20240802-1626\jre\bin\java.dll
Event: 0.016 Loaded shared library C:\Users\Poovarasan.M\.p2\pool\plugins\org.eclipse.justj.openjdk.hotspot.jre.full.win32.x86_64_22.0.2.v20240802-1626\jre\bin\zip.dll
Event: 0.240 Loaded shared library C:\Users\Poovarasan.M\.p2\pool\plugins\org.eclipse.justj.openjdk.hotspot.jre.full.win32.x86_64_22.0.2.v20240802-1626\jre\bin\net.dll
Event: 0.241 Loaded shared library C:\Users\Poovarasan.M\.p2\pool\plugins\org.eclipse.justj.openjdk.hotspot.jre.full.win32.x86_64_22.0.2.v20240802-1626\jre\bin\nio.dll
Event: 0.254 Loaded shared library C:\Users\Poovarasan.M\.p2\pool\plugins\org.eclipse.justj.openjdk.hotspot.jre.full.win32.x86_64_22.0.2.v20240802-1626\jre\bin\zip.dll
Event: 0.413 Loaded shared library C:\Users\Poovarasan.M\.p2\pool\plugins\org.eclipse.justj.openjdk.hotspot.jre.full.win32.x86_64_22.0.2.v20240802-1626\jre\bin\jimage.dll
Event: 0.585 Loaded shared library C:\Users\Poovarasan.M\.p2\pool\plugins\org.eclipse.justj.openjdk.hotspot.jre.full.win32.x86_64_22.0.2.v20240802-1626\jre\bin\extnet.dll
Event: 1.947 Loaded shared library C:\Users\Poovarasan.M\.p2\pool\plugins\org.eclipse.justj.openjdk.hotspot.jre.full.win32.x86_64_22.0.2.v20240802-1626\jre\bin\verify.dll
Event: 2.849 Loaded shared library C:\Users\Poovarasan.M\.p2\pool\plugins\org.eclipse.justj.openjdk.hotspot.jre.full.win32.x86_64_22.0.2.v20240802-1626\jre\bin\management.dll
Event: 2.852 Loaded shared library C:\Users\Poovarasan.M\.p2\pool\plugins\org.eclipse.justj.openjdk.hotspot.jre.full.win32.x86_64_22.0.2.v20240802-1626\jre\bin\management_ext.dll
Event: 2.947 Loaded shared library C:\Users\Poovarasan.M\.p2\pool\plugins\org.eclipse.justj.openjdk.hotspot.jre.full.win32.x86_64_22.0.2.v20240802-1626\jre\bin\sunmscapi.dll

Deoptimization events (20 events):
Event: 10.245 Thread 0x000001ac3cdb2f70 DEOPT PACKING pc=0x000001ac4335f184 sp=0x00000017fccfbe60
Event: 10.245 Thread 0x000001ac3cdb2f70 DEOPT UNPACKING pc=0x000001ac4a234e42 sp=0x00000017fccfb3c0 mode 1
Event: 10.245 Thread 0x000001ac3cdb2f70 DEOPT PACKING pc=0x000001ac4332e284 sp=0x00000017fccfbf80
Event: 10.245 Thread 0x000001ac3cdb2f70 DEOPT UNPACKING pc=0x000001ac4a234e42 sp=0x00000017fccfb4d0 mode 1
Event: 10.245 Thread 0x000001ac3cdb2f70 DEOPT PACKING pc=0x000001ac4335f184 sp=0x00000017fccfbde0
Event: 10.245 Thread 0x000001ac3cdb2f70 DEOPT UNPACKING pc=0x000001ac4a234e42 sp=0x00000017fccfb340 mode 1
Event: 10.245 Thread 0x000001ac3cdb2f70 DEOPT PACKING pc=0x000001ac4332e284 sp=0x00000017fccfbf00
Event: 10.245 Thread 0x000001ac3cdb2f70 DEOPT UNPACKING pc=0x000001ac4a234e42 sp=0x00000017fccfb450 mode 1
Event: 10.245 Thread 0x000001ac3cdb2f70 DEOPT PACKING pc=0x000001ac4335f184 sp=0x00000017fccfbe60
Event: 10.245 Thread 0x000001ac3cdb2f70 DEOPT UNPACKING pc=0x000001ac4a234e42 sp=0x00000017fccfb3c0 mode 1
Event: 10.246 Thread 0x000001ac3cdb2f70 DEOPT PACKING pc=0x000001ac4332e284 sp=0x00000017fccfbf80
Event: 10.246 Thread 0x000001ac3cdb2f70 DEOPT UNPACKING pc=0x000001ac4a234e42 sp=0x00000017fccfb4d0 mode 1
Event: 10.246 Thread 0x000001ac3cdb2f70 DEOPT PACKING pc=0x000001ac4335f184 sp=0x00000017fccfbde0
Event: 10.246 Thread 0x000001ac3cdb2f70 DEOPT UNPACKING pc=0x000001ac4a234e42 sp=0x00000017fccfb340 mode 1
Event: 10.246 Thread 0x000001ac3cdb2f70 DEOPT PACKING pc=0x000001ac4332e284 sp=0x00000017fccfbf00
Event: 10.246 Thread 0x000001ac3cdb2f70 DEOPT UNPACKING pc=0x000001ac4a234e42 sp=0x00000017fccfb450 mode 1
Event: 10.246 Thread 0x000001ac3cdb2f70 DEOPT PACKING pc=0x000001ac4336067e sp=0x00000017fccfca70
Event: 10.246 Thread 0x000001ac3cdb2f70 DEOPT UNPACKING pc=0x000001ac4a234e42 sp=0x00000017fccfbf20 mode 0
Event: 229.073 Thread 0x000001ac3cdb2f70 DEOPT PACKING pc=0x000001ac4a963410 sp=0x00000017fccfd5d0
Event: 229.073 Thread 0x000001ac3cdb2f70 DEOPT UNPACKING pc=0x000001ac4a234e42 sp=0x00000017fccfca48 mode 0

Classes loaded (20 events):
Event: 4.362 Loading class java/util/WeakHashMap$ValueSpliterator
Event: 4.362 Loading class java/util/WeakHashMap$WeakHashMapSpliterator
Event: 4.362 Loading class java/util/WeakHashMap$WeakHashMapSpliterator done
Event: 4.362 Loading class java/util/WeakHashMap$ValueSpliterator done
Event: 4.364 Loading class java/beans/PropertyChangeEvent
Event: 4.364 Loading class java/util/EventObject
Event: 4.364 Loading class java/util/EventObject done
Event: 4.364 Loading class java/beans/PropertyChangeEvent done
Event: 4.387 Loading class java/util/AbstractList$ListItr
Event: 4.387 Loading class java/util/AbstractList$ListItr done
Event: 5.729 Loading class java/net/URLEncoder
Event: 5.729 Loading class java/net/URLEncoder done
Event: 5.729 Loading class jdk/internal/util/ImmutableBitSetPredicate
Event: 5.729 Loading class jdk/internal/util/ImmutableBitSetPredicate done
Event: 5.729 Loading class jdk/internal/util/ImmutableBitSetPredicate$SmallImmutableBitSetPredicate
Event: 5.730 Loading class jdk/internal/util/ImmutableBitSetPredicate$SmallImmutableBitSetPredicate done
Event: 63.160 Loading class java/util/IdentityHashMap$KeyIterator
Event: 63.160 Loading class java/util/IdentityHashMap$IdentityHashMapIterator
Event: 63.160 Loading class java/util/IdentityHashMap$IdentityHashMapIterator done
Event: 63.160 Loading class java/util/IdentityHashMap$KeyIterator done

Classes unloaded (0 events):
No events

Classes redefined (1 events):
Event: 229.094 Thread 0x000001ac59a4dc20 redefined class name=stepDefinitions.retail.RetailPickupOrderNowSteps, count=1

Internal exceptions (20 events):
Event: 3.020 Thread 0x000001ac3cdb2f70 Exception <a 'java/lang/NoSuchMethodError'{0x0000000705c24168}: 'java.lang.Object java.lang.invoke.DirectMethodHandle$Holder.invokeStatic(java.lang.Object, long, java.lang.Object)'> (0x0000000705c24168) 
thrown [s\src\hotspot\share\interpreter\linkResolver.cpp, line 774]
Event: 3.020 Thread 0x000001ac3cdb2f70 Exception <a 'java/lang/NoSuchMethodError'{0x0000000705c27d20}: 'java.lang.Object java.lang.invoke.DirectMethodHandle$Holder.invokeStaticInit(java.lang.Object, long, java.lang.Object)'> (0x0000000705c27d20) 
thrown [s\src\hotspot\share\interpreter\linkResolver.cpp, line 774]
Event: 3.046 Thread 0x000001ac60adcbf0 Exception <a 'java/net/ConnectException'{0x0000000705cf8918}: Connection refused: getsockopt> (0x0000000705cf8918) 
thrown [s\src\hotspot\share\prims\jni.cpp, line 539]
Event: 3.071 Thread 0x000001ac60adcbf0 Exception <a 'java/net/ConnectException'{0x0000000705cf9a10}: Connection refused: getsockopt> (0x0000000705cf9a10) 
thrown [s\src\hotspot\share\prims\jni.cpp, line 539]
Event: 3.102 Thread 0x000001ac60adcbf0 Exception <a 'java/net/ConnectException'{0x0000000705cfa930}: Connection refused: getsockopt> (0x0000000705cfa930) 
thrown [s\src\hotspot\share\prims\jni.cpp, line 539]
Event: 3.164 Thread 0x000001ac3cdb2f70 Exception <a 'java/lang/NoSuchMethodError'{0x0000000705d5d930}: 'double java.lang.invoke.DirectMethodHandle$Holder.invokeVirtual(java.lang.Object, java.lang.Object)'> (0x0000000705d5d930) 
thrown [s\src\hotspot\share\interpreter\linkResolver.cpp, line 774]
Event: 3.165 Thread 0x000001ac3cdb2f70 Exception <a 'java/lang/NoSuchMethodError'{0x0000000705d641e8}: 'float java.lang.invoke.DirectMethodHandle$Holder.invokeVirtual(java.lang.Object, java.lang.Object)'> (0x0000000705d641e8) 
thrown [s\src\hotspot\share\interpreter\linkResolver.cpp, line 774]
Event: 3.166 Thread 0x000001ac3cdb2f70 Exception <a 'java/lang/NoSuchMethodError'{0x0000000705d6c8b8}: 'long java.lang.invoke.DirectMethodHandle$Holder.invokeVirtual(java.lang.Object, java.lang.Object)'> (0x0000000705d6c8b8) 
thrown [s\src\hotspot\share\interpreter\linkResolver.cpp, line 774]
Event: 3.191 Thread 0x000001ac3cdb2f70 Exception <a 'java/lang/NoSuchMethodError'{0x0000000705a49130}: 'java.lang.Object java.lang.invoke.DirectMethodHandle$Holder.newInvokeSpecial(java.lang.Object, java.lang.Object, int, int)'> (0x0000000705a49130) 
thrown [s\src\hotspot\share\interpreter\linkResolver.cpp, line 774]
Event: 3.192 Thread 0x000001ac3cdb2f70 Exception <a 'java/lang/NoSuchMethodError'{0x0000000705a538c8}: 'void java.lang.invoke.DirectMethodHandle$Holder.invokeStatic(java.lang.Object, java.lang.Object, int)'> (0x0000000705a538c8) 
thrown [s\src\hotspot\share\interpreter\linkResolver.cpp, line 774]
Event: 3.214 Thread 0x000001ac60adbed0 Exception <a 'java/lang/NoSuchMethodError'{0x0000000705bc0b08}: 'void java.lang.invoke.DirectMethodHandle$Holder.invokeStatic(java.lang.Object, java.lang.Object, java.lang.Object, java.lang.Object, java.lang.Object, java.lang.Object, java.lang.Object)'> (0x0000000705bc0b08) 
thrown [s\src\hotspot\share\interpreter\linkResolver.cpp, line 774]
Event: 3.925 Thread 0x000001ac60ada490 Exception <a 'java/lang/NoSuchMethodError'{0x0000000705792910}: 'java.lang.Object java.lang.invoke.DirectMethodHandle$Holder.newInvokeSpecial(java.lang.Object, java.lang.Object, long, java.lang.Object, java.lang.Object, java.lang.Object)'> (0x0000000705792910) 
thrown [s\src\hotspot\share\interpreter\linkResolver.cpp, line 774]
Event: 3.941 Thread 0x000001ac3cdb2f70 Exception <a 'java/lang/NoSuchMethodError'{0x0000000705408a38}: 'java.lang.Object java.lang.invoke.DirectMethodHandle$Holder.invokeSpecialIFC(java.lang.Object, java.lang.Object, java.lang.Object)'> (0x0000000705408a38) 
thrown [s\src\hotspot\share\interpreter\linkResolver.cpp, line 774]
Event: 4.048 Thread 0x000001ac3cdb2f70 Exception <a 'java/lang/ClassNotFoundException'{0x000000070502b7a0}: sun/util/logging/resources/spi/loggingProvider> (0x000000070502b7a0) 
thrown [s\src\hotspot\share\classfile\systemDictionary.cpp, line 313]
Event: 4.137 Thread 0x000001ac3cdb2f70 Exception <a 'java/lang/NoSuchMethodError'{0x0000000704e07620}: 'java.lang.Object java.lang.invoke.DirectMethodHandle$Holder.invokeStatic(java.lang.Object, int, java.lang.Object)'> (0x0000000704e07620) 
thrown [s\src\hotspot\share\interpreter\linkResolver.cpp, line 774]
Event: 4.150 Thread 0x000001ac3cdb2f70 Exception <a 'java/lang/NoSuchMethodError'{0x0000000704e9f630}: 'int java.lang.invoke.DirectMethodHandle$Holder.invokeStatic(java.lang.Object)'> (0x0000000704e9f630) 
thrown [s\src\hotspot\share\interpreter\linkResolver.cpp, line 774]
Event: 4.150 Thread 0x000001ac3cdb2f70 Exception <a 'java/lang/NoSuchMethodError'{0x0000000704ea2f30}: 'int java.lang.invoke.DirectMethodHandle$Holder.invokeStaticInit(java.lang.Object)'> (0x0000000704ea2f30) 
thrown [s\src\hotspot\share\interpreter\linkResolver.cpp, line 774]
Event: 4.273 Thread 0x000001ac3cdb2f70 Exception <a 'java/lang/NoSuchMethodError'{0x000000070495be18}: 'java.lang.Object java.lang.invoke.DirectMethodHandle$Holder.newInvokeSpecial(java.lang.Object, long, int, java.lang.Object)'> (0x000000070495be18) 
thrown [s\src\hotspot\share\interpreter\linkResolver.cpp, line 774]
Event: 4.372 Thread 0x000001ac3cdb2f70 Exception <a 'java/lang/NoSuchMethodError'{0x00000007044975d0}: 'void java.lang.invoke.DirectMethodHandle$Holder.invokeStaticInit(java.lang.Object, java.lang.Object)'> (0x00000007044975d0) 
thrown [s\src\hotspot\share\interpreter\linkResolver.cpp, line 774]
Event: 4.394 Thread 0x000001ac3cdb2f70 Exception <a 'java/lang/NoSuchMethodError'{0x00000007045856b8}: 'void java.lang.invoke.Invokers$Holder.invokeExact_MT(java.lang.Object, java.lang.Object, java.lang.Object)'> (0x00000007045856b8) 
thrown [s\src\hotspot\share\interpreter\linkResolver.cpp, line 774]

ZGC Phase Switch (0 events):
No events

VM Operations (20 events):
Event: 60.224 Executing VM operation: HandshakeAllThreads (HandshakeForDeflation)
Event: 60.224 Executing VM operation: HandshakeAllThreads (HandshakeForDeflation) done
Event: 60.224 Executing VM operation: RendezvousGCThreads
Event: 60.224 Executing VM operation: RendezvousGCThreads done
Event: 71.287 Executing VM operation: Cleanup
Event: 71.287 Executing VM operation: Cleanup done
Event: 120.225 Executing VM operation: HandshakeAllThreads (HandshakeForDeflation)
Event: 120.225 Executing VM operation: HandshakeAllThreads (HandshakeForDeflation) done
Event: 120.225 Executing VM operation: RendezvousGCThreads
Event: 120.225 Executing VM operation: RendezvousGCThreads done
Event: 229.072 Executing VM operation: ChangeSingleStep
Event: 229.072 Executing VM operation: ChangeSingleStep done
Event: 229.073 Executing VM operation: ChangeSingleStep
Event: 229.073 Executing VM operation: ChangeSingleStep done
Event: 229.087 Executing VM operation: RedefineClasses
Event: 229.104 Executing VM operation: RedefineClasses done
Event: 229.115 Executing VM operation: ChangeBreakpoints
Event: 229.116 Executing VM operation: ChangeBreakpoints done
Event: 229.120 Executing VM operation: ChangeSingleStep
Event: 229.120 Executing VM operation: ChangeSingleStep done

Memory protections (0 events):
No events

Nmethod flushes (20 events):
Event: 2.794 Thread 0x000001ac59a4dc20 flushing  nmethod 0x000001ac42ef9c10
Event: 2.794 Thread 0x000001ac59a4dc20 flushing  nmethod 0x000001ac42efa390
Event: 2.794 Thread 0x000001ac59a4dc20 flushing  nmethod 0x000001ac42f00490
Event: 2.794 Thread 0x000001ac59a4dc20 flushing  nmethod 0x000001ac42f4ef90
Event: 2.794 Thread 0x000001ac59a4dc20 flushing  nmethod 0x000001ac42f4f690
Event: 2.794 Thread 0x000001ac59a4dc20 flushing  nmethod 0x000001ac42f54210
Event: 2.794 Thread 0x000001ac59a4dc20 flushing  nmethod 0x000001ac42fa4910
Event: 2.794 Thread 0x000001ac59a4dc20 flushing  nmethod 0x000001ac43008010
Event: 2.794 Thread 0x000001ac59a4dc20 flushing  nmethod 0x000001ac43014b10
Event: 2.794 Thread 0x000001ac59a4dc20 flushing  nmethod 0x000001ac43067710
Event: 2.794 Thread 0x000001ac59a4dc20 flushing  nmethod 0x000001ac430c2c10
Event: 2.794 Thread 0x000001ac59a4dc20 flushing  nmethod 0x000001ac430cc410
Event: 2.794 Thread 0x000001ac59a4dc20 flushing  nmethod 0x000001ac43122010
Event: 2.794 Thread 0x000001ac59a4dc20 flushing  nmethod 0x000001ac4319b910
Event: 2.794 Thread 0x000001ac59a4dc20 flushing  nmethod 0x000001ac431b8e10
Event: 2.794 Thread 0x000001ac59a4dc20 flushing  nmethod 0x000001ac43261610
Event: 2.794 Thread 0x000001ac59a4dc20 flushing  nmethod 0x000001ac43261a10
Event: 2.794 Thread 0x000001ac59a4dc20 flushing  nmethod 0x000001ac43266290
Event: 2.794 Thread 0x000001ac59a4dc20 flushing osr nmethod 0x000001ac43268b90
Event: 2.794 Thread 0x000001ac59a4dc20 flushing osr nmethod 0x000001ac43270190

Events (20 events):
Event: 3.256 Thread 0x000001ac61a37950 Thread added: 0x000001ac60add280
Event: 3.913 Thread 0x000001ac59d07f30 Thread exited: 0x000001ac59d07f30
Event: 3.987 Thread 0x000001ac59adfcb0 Thread added: 0x000001ac61719b70
Event: 3.989 Thread 0x000001ac3cdb2f70 Thread added: 0x000001ac63745510
Event: 3.990 Thread 0x000001ac3cdb2f70 Thread added: 0x000001ac63745ba0
Event: 3.992 Thread 0x000001ac63745510 Thread added: 0x000001ac63747c70
Event: 3.994 Thread 0x000001ac63745510 Thread added: 0x000001ac637447f0
Event: 5.657 Thread 0x000001ac61719b70 Thread exited: 0x000001ac61719b70
Event: 5.700 Thread 0x000001ac59adfcb0 Thread added: 0x000001ac6004e680
Event: 6.068 Thread 0x000001ac6004e680 Thread exited: 0x000001ac6004e680
Event: 12.614 Thread 0x000001ac60450020 Thread exited: 0x000001ac60450020
Event: 13.169 Thread 0x000001ac60adb1b0 Thread exited: 0x000001ac60adb1b0
Event: 63.160 Thread 0x000001ac60adcbf0 Thread exited: 0x000001ac60adcbf0
Event: 63.270 Thread 0x000001ac60adab20 Thread exited: 0x000001ac60adab20
Event: 64.020 Thread 0x000001ac637447f0 Thread exited: 0x000001ac637447f0
Event: 64.020 Thread 0x000001ac63745ba0 Thread exited: 0x000001ac63745ba0
Event: 64.020 Thread 0x000001ac63747c70 Thread exited: 0x000001ac63747c70
Event: 70.272 Thread 0x000001ac60ada490 Thread exited: 0x000001ac60ada490
Event: 70.272 Thread 0x000001ac60adbed0 Thread exited: 0x000001ac60adbed0
Event: 70.272 Thread 0x000001ac60add280 Thread exited: 0x000001ac60add280


Dynamic libraries:
0x00007ff6ec7b0000 - 0x00007ff6ec7be000 	C:\Users\Poovarasan.M\.p2\pool\plugins\org.eclipse.justj.openjdk.hotspot.jre.full.win32.x86_64_22.0.2.v20240802-1626\jre\bin\javaw.exe
0x00007ffa4e220000 - 0x00007ffa4e483000 	C:\WINDOWS\SYSTEM32\ntdll.dll
0x00007ffa4ddf0000 - 0x00007ffa4deb7000 	C:\WINDOWS\System32\KERNEL32.DLL
0x00007ffa4b770000 - 0x00007ffa4bb37000 	C:\WINDOWS\System32\KERNELBASE.dll
0x00007ffa4bd10000 - 0x00007ffa4be5c000 	C:\WINDOWS\System32\ucrtbase.dll
0x00007ffa2e4a0000 - 0x00007ffa2e4b7000 	C:\Users\Poovarasan.M\.p2\pool\plugins\org.eclipse.justj.openjdk.hotspot.jre.full.win32.x86_64_22.0.2.v20240802-1626\jre\bin\jli.dll
0x00007ffa2e3f0000 - 0x00007ffa2e40b000 	C:\Users\Poovarasan.M\.p2\pool\plugins\org.eclipse.justj.openjdk.hotspot.jre.full.win32.x86_64_22.0.2.v20240802-1626\jre\bin\VCRUNTIME140.dll
0x00007ffa4df30000 - 0x00007ffa4e0f9000 	C:\WINDOWS\System32\USER32.dll
0x00007ffa4b740000 - 0x00007ffa4b767000 	C:\WINDOWS\System32\win32u.dll
0x00007ffa33b60000 - 0x00007ffa33df0000 	C:\WINDOWS\WinSxS\amd64_microsoft.windows.common-controls_6595b64144ccf1df_6.0.26100.3037_none_3e09262ce333c378\COMCTL32.dll
0x00007ffa4d0b0000 - 0x00007ffa4d0da000 	C:\WINDOWS\System32\GDI32.dll
0x00007ffa4d330000 - 0x00007ffa4d3d9000 	C:\WINDOWS\System32\msvcrt.dll
0x00007ffa4bb40000 - 0x00007ffa4bc6b000 	C:\WINDOWS\System32\gdi32full.dll
0x00007ffa4bef0000 - 0x00007ffa4bf93000 	C:\WINDOWS\System32\msvcp_win.dll
0x00007ffa4c060000 - 0x00007ffa4c08f000 	C:\WINDOWS\System32\IMM32.DLL
0x00007ffa2e3e0000 - 0x00007ffa2e3ec000 	C:\Users\Poovarasan.M\.p2\pool\plugins\org.eclipse.justj.openjdk.hotspot.jre.full.win32.x86_64_22.0.2.v20240802-1626\jre\bin\vcruntime140_1.dll
0x00007ffa0e750000 - 0x00007ffa0e7de000 	C:\Users\Poovarasan.M\.p2\pool\plugins\org.eclipse.justj.openjdk.hotspot.jre.full.win32.x86_64_22.0.2.v20240802-1626\jre\bin\msvcp140.dll
0x00007ffa051c0000 - 0x00007ffa05f83000 	C:\Users\Poovarasan.M\.p2\pool\plugins\org.eclipse.justj.openjdk.hotspot.jre.full.win32.x86_64_22.0.2.v20240802-1626\jre\bin\server\jvm.dll
0x00007ffa4c4f0000 - 0x00007ffa4c5a4000 	C:\WINDOWS\System32\ADVAPI32.dll
0x00007ffa4d280000 - 0x00007ffa4d326000 	C:\WINDOWS\System32\sechost.dll
0x00007ffa4c5b0000 - 0x00007ffa4c6c6000 	C:\WINDOWS\System32\RPCRT4.dll
0x00007ffa4e100000 - 0x00007ffa4e174000 	C:\WINDOWS\System32\WS2_32.dll
0x00007ffa4b450000 - 0x00007ffa4b49e000 	C:\WINDOWS\SYSTEM32\POWRPROF.dll
0x00007ffa37400000 - 0x00007ffa37436000 	C:\WINDOWS\SYSTEM32\WINMM.dll
0x00007ffa3a740000 - 0x00007ffa3a74b000 	C:\WINDOWS\SYSTEM32\VERSION.dll
0x00007ffa4b430000 - 0x00007ffa4b444000 	C:\WINDOWS\SYSTEM32\UMPDC.dll
0x00007ffa4a3f0000 - 0x00007ffa4a40a000 	C:\WINDOWS\SYSTEM32\kernel.appcore.dll
0x00007ffa35bb0000 - 0x00007ffa35bba000 	C:\Users\Poovarasan.M\.p2\pool\plugins\org.eclipse.justj.openjdk.hotspot.jre.full.win32.x86_64_22.0.2.v20240802-1626\jre\bin\jimage.dll
0x00007ffa45e10000 - 0x00007ffa46051000 	C:\WINDOWS\SYSTEM32\DBGHELP.DLL
0x00007ffa4c160000 - 0x00007ffa4c4de000 	C:\WINDOWS\System32\combase.dll
0x00007ffa4db30000 - 0x00007ffa4dc06000 	C:\WINDOWS\System32\OLEAUT32.dll
0x00007ffa38110000 - 0x00007ffa38149000 	C:\WINDOWS\SYSTEM32\dbgcore.DLL
0x00007ffa4bc70000 - 0x00007ffa4bd09000 	C:\WINDOWS\System32\bcryptPrimitives.dll
0x00007ffa151c0000 - 0x00007ffa151fc000 	C:\Users\Poovarasan.M\.p2\pool\plugins\org.eclipse.justj.openjdk.hotspot.jre.full.win32.x86_64_22.0.2.v20240802-1626\jre\bin\jdwp.dll
0x00007ffa331a0000 - 0x00007ffa331be000 	C:\Users\Poovarasan.M\.p2\pool\plugins\org.eclipse.justj.openjdk.hotspot.jre.full.win32.x86_64_22.0.2.v20240802-1626\jre\bin\java.dll
0x00007ffa4c6f0000 - 0x00007ffa4cdf4000 	C:\WINDOWS\System32\SHELL32.dll
0x00007ffa4d0e0000 - 0x00007ffa4d275000 	C:\WINDOWS\System32\ole32.dll
0x00007ffa32790000 - 0x00007ffa327a7000 	C:\Users\Poovarasan.M\.p2\pool\plugins\org.eclipse.justj.openjdk.hotspot.jre.full.win32.x86_64_22.0.2.v20240802-1626\jre\bin\zip.dll
0x00007ffa49300000 - 0x00007ffa49b37000 	C:\WINDOWS\SYSTEM32\windows.storage.dll
0x00007ffa4cfb0000 - 0x00007ffa4d099000 	C:\WINDOWS\System32\SHCORE.dll
0x00007ffa4d3e0000 - 0x00007ffa4d43d000 	C:\WINDOWS\System32\shlwapi.dll
0x00007ffa4b4d0000 - 0x00007ffa4b4fe000 	C:\WINDOWS\SYSTEM32\profapi.dll
0x00007ffa2e3d0000 - 0x00007ffa2e3dc000 	C:\Users\Poovarasan.M\.p2\pool\plugins\org.eclipse.justj.openjdk.hotspot.jre.full.win32.x86_64_22.0.2.v20240802-1626\jre\bin\dt_socket.dll
0x00007ffa49e30000 - 0x00007ffa49e62000 	C:\WINDOWS\SYSTEM32\IPHLPAPI.DLL
0x00007ffa4a900000 - 0x00007ffa4a96a000 	C:\WINDOWS\system32\mswsock.dll
0x00007ffa49ec0000 - 0x00007ffa49fe5000 	C:\WINDOWS\SYSTEM32\DNSAPI.dll
0x00007ffa4d0a0000 - 0x00007ffa4d0aa000 	C:\WINDOWS\System32\NSI.dll
0x00007ffa3a710000 - 0x00007ffa3a71b000 	C:\Windows\System32\rasadhlp.dll
0x00007ffa3ea60000 - 0x00007ffa3eae5000 	C:\WINDOWS\System32\fwpuclnt.dll
0x00007ffa35ba0000 - 0x00007ffa35bb0000 	C:\Users\Poovarasan.M\.p2\pool\plugins\org.eclipse.justj.openjdk.hotspot.jre.full.win32.x86_64_22.0.2.v20240802-1626\jre\bin\net.dll
0x00007ffa32670000 - 0x00007ffa32686000 	C:\Users\Poovarasan.M\.p2\pool\plugins\org.eclipse.justj.openjdk.hotspot.jre.full.win32.x86_64_22.0.2.v20240802-1626\jre\bin\nio.dll
0x00007ffa32780000 - 0x00007ffa32789000 	C:\Users\Poovarasan.M\.p2\pool\plugins\org.eclipse.justj.openjdk.hotspot.jre.full.win32.x86_64_22.0.2.v20240802-1626\jre\bin\extnet.dll
0x00007ffa4aba0000 - 0x00007ffa4abbc000 	C:\WINDOWS\SYSTEM32\CRYPTSP.dll
0x00007ffa4a350000 - 0x00007ffa4a388000 	C:\WINDOWS\system32\rsaenh.dll
0x00007ffa4a9a0000 - 0x00007ffa4a9cb000 	C:\WINDOWS\SYSTEM32\USERENV.dll
0x00007ffa4ade0000 - 0x00007ffa4ae06000 	C:\WINDOWS\SYSTEM32\bcrypt.dll
0x00007ffa4abc0000 - 0x00007ffa4abcc000 	C:\WINDOWS\SYSTEM32\CRYPTBASE.dll
0x00007ffa33370000 - 0x00007ffa33380000 	C:\Users\Poovarasan.M\.p2\pool\plugins\org.eclipse.justj.openjdk.hotspot.jre.full.win32.x86_64_22.0.2.v20240802-1626\jre\bin\verify.dll
0x00007ffa324d0000 - 0x00007ffa324da000 	C:\Users\Poovarasan.M\.p2\pool\plugins\org.eclipse.justj.openjdk.hotspot.jre.full.win32.x86_64_22.0.2.v20240802-1626\jre\bin\management.dll
0x00007ffa324c0000 - 0x00007ffa324cb000 	C:\Users\Poovarasan.M\.p2\pool\plugins\org.eclipse.justj.openjdk.hotspot.jre.full.win32.x86_64_22.0.2.v20240802-1626\jre\bin\management_ext.dll
0x00007ffa4df20000 - 0x00007ffa4df28000 	C:\WINDOWS\System32\PSAPI.DLL
0x00007ffa33190000 - 0x00007ffa3319e000 	C:\Users\Poovarasan.M\.p2\pool\plugins\org.eclipse.justj.openjdk.hotspot.jre.full.win32.x86_64_22.0.2.v20240802-1626\jre\bin\sunmscapi.dll
0x00007ffa4b5c0000 - 0x00007ffa4b736000 	C:\WINDOWS\System32\CRYPT32.dll
0x00007ffa4ada0000 - 0x00007ffa4add0000 	C:\WINDOWS\SYSTEM32\ncrypt.dll
0x00007ffa4ad50000 - 0x00007ffa4ad8f000 	C:\WINDOWS\SYSTEM32\NTASN1.dll
0x00007ffa29950000 - 0x00007ffa29958000 	C:\WINDOWS\system32\wshunix.dll
0x00007ffa1f2c0000 - 0x00007ffa1f2d8000 	C:\WINDOWS\system32\napinsp.dll
0x00007ffa21310000 - 0x00007ffa21322000 	C:\WINDOWS\System32\winrnr.dll
0x00007ffa28990000 - 0x00007ffa289b2000 	C:\WINDOWS\system32\nlansp_c.dll
0x00007ffa40550000 - 0x00007ffa40566000 	C:\WINDOWS\system32\wshbth.dll

dbghelp: loaded successfully - version: 4.0.5 - missing functions: none
symbol engine: initialized successfully - sym options: 0x614 - pdb path: .;C:\Users\Poovarasan.M\.p2\pool\plugins\org.eclipse.justj.openjdk.hotspot.jre.full.win32.x86_64_22.0.2.v20240802-1626\jre\bin;C:\WINDOWS\SYSTEM32;C:\WINDOWS\WinSxS\amd64_microsoft.windows.common-controls_6595b64144ccf1df_6.0.26100.3037_none_3e09262ce333c378;C:\Users\Poovarasan.M\.p2\pool\plugins\org.eclipse.justj.openjdk.hotspot.jre.full.win32.x86_64_22.0.2.v20240802-1626\jre\bin\server

VM Arguments:
jvm_args: -XX:+ShowCodeDetailsInExceptionMessages -agentlib:jdwp=transport=dt_socket,suspend=y,address=localhost:58819 -ea -Dfile.encoding=UTF-8 -Dstdout.encoding=UTF-8 -Dstderr.encoding=UTF-8 
java_command: org.testng.remote.RemoteTestNG -serport 58818 -protocol json -d D:\QA\Kurryzo_Web\test-output C:\Users\POOVAR~1.M\AppData\Local\Temp\testng-eclipse--1558773711\testng-customsuite.xml
java_class_path (initial): C:\Users\Poovarasan.M\eclipse\committers-2024-062\eclipse\configuration\org.eclipse.osgi\598\0\.cp\lib\testng-remote.jar;D:\QA\Kurryzo_Web\target\test-classes;D:\QA\Kurryzo_Web\target\classes;C:\Users\Poovarasan.M\.m2\repository\io\cucumber\cucumber-java\7.20.1\cucumber-java-7.20.1.jar;C:\Users\Poovarasan.M\.m2\repository\io\cucumber\cucumber-core\7.20.1\cucumber-core-7.20.1.jar;C:\Users\Poovarasan.M\.m2\repository\io\cucumber\cucumber-gherkin\7.20.1\cucumber-gherkin-7.20.1.jar;C:\Users\Poovarasan.M\.m2\repository\io\cucumber\cucumber-gherkin-messages\7.20.1\cucumber-gherkin-messages-7.20.1.jar;C:\Users\Poovarasan.M\.m2\repository\io\cucumber\gherkin\28.0.0\gherkin-28.0.0.jar;C:\Users\Poovarasan.M\.m2\repository\io\cucumber\messages\24.1.0\messages-24.1.0.jar;C:\Users\Poovarasan.M\.m2\repository\io\cucumber\testng-xml-formatter\0.2.0\testng-xml-formatter-0.2.0.jar;C:\Users\Poovarasan.M\.m2\repository\io\cucumber\query\12.2.0\query-12.2.0.jar;C:\Users\Poovarasan.M\.m2\repository\io\cucumber\tag-expressions\6.1.0\tag-expressions-6.1.0.jar;C:\Users\Poovarasan.M\.m2\repository\io\cucumber\cucumber-expressions\17.1.0\cucumber-expressions-17.1.0.jar;C:\Users\Poovarasan.M\.m2\repository\io\cucumber\datatable\7.20.1\datatable-7.20.1.jar;C:\Users\Poovarasan.M\.m2\repository\io\cucumber\cucumber-plugin\7.20.1\cucumber-plugin-7.20.1.jar;C:\Users\Poovarasan.M\.m2\repository\io\cucumber\docstring\7.20.1\docstring-7.20.1.jar;C:\Users\Poovarasan.M\.m2\repository\io\cucumber\html-formatter\21.7.0\html-formatter-21.7.0.jar;C:\Users\Poovarasan.M\.m2\repository\io\cucumber\junit-xml-formatter\0.5.0\junit-xml-formatter-0.5.0.jar;C:\Users\Poovarasan.M\.m2\repository\io\cucumber\ci-environment\10.0.1\ci-environment-10.0.1.jar;C:\Users\Poovarasan.M\.m2\repository\org\apiguardian\apiguardian-api\1.1.2\apiguardian-api-1.1.2.jar;C:\Users\Poovarasan.M\.m2\repository\commons-io\commons-io\2.11.0\commons-io-2.11.0.jar;C:\Users\Poovarasan.M\.m2\repository\tech\grasshopper\extentreports-cucumber7-adapter\1.7.0\extentreports-cucumber7-adapter-1.7.0.jar;C:\Users\Poovarasan.M\.m2\repository\tech\grasshopper\extent-pdf-report\2.7.0\extent-pdf-report-2.7.0.jar;C:\Users\Poovarasan.M\.m2\repository\tech\grasshopper\cucumber-pdf-report\2.10.0\cucumber-pdf-report-2.10.0.jar;C:\Users\Poovarasan.M\.m2\repository\org\apache\pdfbox\pdfbox\2.0.26\pdfbox-2.0.26.jar;C:\Users\Poovarasan.M\.m2\repository\org\apache\pdfbox\fontbox\2.0.26\fontbox-2.0.26.jar;C:\Users\Poovarasan.M\.m2\repository\org\knowm\xchart\xchart\3.8.0\xchart-3.8.0.jar;C:\Users\Poovarasan.M\.m2\repository\de\erichseifert\vectorgraphics2d\VectorGraphics2D\0.13\VectorGraphics2D-0.13.jar;C:\Users\Poovarasan.M\.m2\repository\de\rototor\pdfbox\graphics2d\0.30\graphics2d-0.30.jar;C:\Users\Poovarasan.M\.m2\repository\com\madgag\animated-gif-lib\1.4\animated-gif-lib-1.4.jar;C:\Users\Poovarasan.M\.m2\repository\org\yaml\snakeyaml\1.28\snakeyaml-1.28.jar;C:\Users\Poovarasan.M\.m2\repository\tech\grasshopper\table-layout\1.5.1\table-layout-1.5.1.jar;C:\Users\Poovarasan.M\.m2\repository\tech\grasshopper\rest-assured-cucumber-pdf-report\1.4.1\rest-assured-cucumber-pdf-report-1.4.1.jar;C:\Users\Poovarasan.M\.m2\repository\com\aventstack\klov-reporter\5.0.9\klov-reporter-5.0.9.jar;C:\Users\Poovarasan.M\.m2\repository\org\mongodb\mongodb-driver\3.6.4\mongodb-driver-3.6.4.jar;C:\Users\Poovarasan.M\.m2\repository\org\mongodb\mongodb-driver-core\3.6.4\mongodb-driver-core-3.6.4.jar;C:\Users\Poovarasan.M\.m2\repository\org\mongodb\bson\3.6.4\bson-3.6.4.jar;C:\Users\Poovarasan.M\.m2\repository\org\apache\httpcomponents\httpclient\4.5.13\httpclient-4.5.13.jar;C:\Users\Poovarasan.M\.m2\repository\org\apache\httpcomponents\httpcore\4.4.13\httpcore-4.4.13.jar;C:\Users\Poovarasan.M\.m2\repository\commons-logging\commons-logging\1.2\commons-logging-1.2.jar;C:\Users\Poovarasan.M\.m2\repository\commons-codec\commons-codec\1.11\commons-codec-1.11.jar;C:\Users\Poovarasan.M\.m2\repository\org\apache\httpcomponents\httpmime\4.5.13\httpmime-4.5.13.jar;C:\Users\Poovarasan.M\.m2\repository\tech\grasshopper\htmlextentreporter\1.0.1\htmlextentreporter-1.0.1.jar;C:\Users\Poovarasan.M\.m2\repository\com\aventstack\extentreports\5.1.2\extentreports-5.1.2.jar;C:\Users\Poovarasan.M\.m2\repository\io\reactivex\rxjava3\rxjava\3.1.6\rxjava-3.1.6.jar;C:\Users\Poovarasan.M\.m2\repository\org\reactivestreams\reactive-streams\1.0.4\reactive-streams-1.0.4.jar;C:\Users\Poovarasan.M\.m2\repository\org\freemarker\freemarker\2.3.32\freemarker-2.3.32.jar;C:\Users\Poovarasan.M\.m2\repository\org\projectlombok\lombok\1.18.26\lombok-1.18.26.jar;C:\Users\Poovarasan.M\.m2\repository\com\google\code\gson\gson\2.10.1\gson-2.10.1.jar;C:\Users\Poovarasan.M\.m2\repository\io\cucumber\cucumber-picocontainer\7.20.1\cucumber-picocontainer-7.20.1.jar;C:\Users\Poovarasan.M\.m2\repository\org\picocontainer\picocontainer\2.15\picocontainer-2.15.jar;C:\Users\Poovarasan.M\.m2\repository\io\cucumber\cucumber-testng\7.20.1\cucumber-testng-7.20.1.jar;C:\Users\Poovarasan.M\.m2\repository\org\testng\testng\7.10.2\testng-7.10.2.jar;C:\Users\Poovarasan.M\.m2\repository\com\beust\jcommander\1.82\jcommander-1.82.jar;C:\Users\Poovarasan.M\.m2\repository\org\webjars\jquery\3.7.1\jquery-3.7.1.jar;C:\Users\Poovarasan.M\.m2\repository\org\seleniumhq\selenium\selenium-java\4.28.1\selenium-java-4.28.1.jar;C:\Users\Poovarasan.M\.m2\repository\org\seleniumhq\selenium\selenium-api\4.28.1\selenium-api-4.28.1.jar;C:\Users\Poovarasan.M\.m2\repository\org\jspecify\jspecify\1.0.0\jspecify-1.0.0.jar;C:\Users\Poovarasan.M\.m2\repository\org\seleniumhq\selenium\selenium-chrome-driver\4.28.1\selenium-chrome-driver-4.28.1.jar;C:\Users\Poovarasan.M\.m2\repository\com\google\auto\service\auto-service-annotations\1.1.1\auto-service-annotations-1.1.1.jar;C:\Users\Poovarasan.M\.m2\repository\org\seleniumhq\selenium\selenium-chromium-driver\4.28.1\selenium-chromium-driver-4.28.1.jar;C:\Users\Poovarasan.M\.m2\repository\org\seleniumhq\selenium\selenium-json\4.28.1\selenium-json-4.28.1.jar;C:\Users\Poovarasan.M\.m2\repository\org\seleniumhq\selenium\selenium-manager\4.28.1\selenium-manager-4.28.1.jar;C:\Users\Poovarasan.M\.m2\repository\org\seleniumhq\selenium\selenium-devtools-v130\4.28.1\selenium-devtools-v130-4.28.1.jar;C:\Users\Poovarasan.M\.m2\repository\org\seleniumhq\selenium\selenium-devtools-v131\4.28.1\selenium-devtools-v131-4.28.1.jar;C:\Users\Poovarasan.M\.m2\repository\org\seleniumhq\selenium\selenium-devtools-v132\4.28.1\selenium-devtools-v132-4.28.1.jar;C:\Users\Poovarasan.M\.m2\repository\org\seleniumhq\selenium\selenium-devtools-v85\4.28.1\selenium-devtools-v85-4.28.1.jar;C:\Users\Poovarasan.M\.m2\repository\org\seleniumhq\selenium\selenium-edge-driver\4.28.1\selenium-edge-driver-4.28.1.jar;C:\Users\Poovarasan.M\.m2\repository\org\seleniumhq\selenium\selenium-firefox-driver\4.28.1\selenium-firefox-driver-4.28.1.jar;C:\Users\Poovarasan.M\.m2\repository\org\seleniumhq\selenium\selenium-http\4.28.1\selenium-http-4.28.1.jar;C:\Users\Poovarasan.M\.m2\repository\org\seleniumhq\selenium\selenium-ie-driver\4.28.1\selenium-ie-driver-4.28.1.jar;C:\Users\Poovarasan.M\.m2\repository\org\seleniumhq\selenium\selenium-remote-driver\4.28.1\selenium-remote-driver-4.28.1.jar;C:\Users\Poovarasan.M\.m2\repository\io\opentelemetry\semconv\opentelemetry-semconv\1.28.0-alpha\opentelemetry-semconv-1.28.0-alpha.jar;C:\Users\Poovarasan.M\.m2\repository\io\opentelemetry\opentelemetry-api\1.46.0\opentelemetry-api-1.46.0.jar;C:\Users\Poovarasan.M\.m2\repository\io\opentelemetry\opentelemetry-context\1.46.0\opentelemetry-context-1.46.0.jar;C:\Users\Poovarasan.M\.m2\repository\io\opentelemetry\opentelemetry-exporter-logging\1.46.0\opentelemetry-exporter-logging-1.46.0.jar;C:\Users\Poovarasan.M\.m2\repository\io\opentelemetry\opentelemetry-sdk-common\1.46.0\opentelemetry-sdk-common-1.46.0.jar;C:\Users\Poovarasan.M\.m2\repository\io\opentelemetry\opentelemetry-sdk-extension-autoconfigure-spi\1.46.0\opentelemetry-sdk-extension-autoconfigure-spi-1.46.0.jar;C:\Users\Poovarasan.M\.m2\repository\io\opentelemetry\opentelemetry-sdk-extension-autoconfigure\1.46.0\opentelemetry-sdk-extension-autoconfigure-1.46.0.jar;C:\Users\Poovarasan.M\.m2\repository\io\opentelemetry\opentelemetry-api-incubator\1.46.0-alpha\opentelemetry-api-incubator-1.46.0-alpha.jar;C:\Users\Poovarasan.M\.m2\repository\io\opentelemetry\opentelemetry-sdk-trace\1.46.0\opentelemetry-sdk-trace-1.46.0.jar;C:\Users\Poovarasan.M\.m2\repository\io\opentelemetry\opentelemetry-sdk\1.46.0\opentelemetry-sdk-1.46.0.jar;C:\Users\Poovarasan.M\.m2\repository\io\opentelemetry\opentelemetry-sdk-metrics\1.46.0\opentelemetry-sdk-metrics-1.46.0.jar;C:\Users\Poovarasan.M\.m2\repository\io\opentelemetry\opentelemetry-sdk-logs\1.46.0\opentelemetry-sdk-logs-1.46.0.jar;C:\Users\Poovarasan.M\.m2\repository\net\bytebuddy\byte-buddy\1.15.11\byte-buddy-1.15.11.jar;C:\Users\Poovarasan.M\.m2\repository\org\seleniumhq\selenium\selenium-os\4.28.1\selenium-os-4.28.1.jar;C:\Users\Poovarasan.M\.m2\repository\org\apache\commons\commons-exec\1.4.0\commons-exec-1.4.0.jar;C:\Users\Poovarasan.M\.m2\repository\org\seleniumhq\selenium\selenium-safari-driver\4.28.1\selenium-safari-driver-4.28.1.jar;C:\Users\Poovarasan.M\.m2\repository\org\seleniumhq\selenium\selenium-support\4.28.1\selenium-support-4.28.1.jar;C:\Users\Poovarasan.M\.m2\repository\io\github\bonigarcia\webdrivermanager\5.0.0\webdrivermanager-5.0.0.jar;C:\Users\Poovarasan.M\.m2\repository\org\jsoup\jsoup\1.14.2\jsoup-1.14.2.jar;C:\Users\Poovarasan.M\.m2\repository\com\github\docker-java\docker-java\3.2.11\docker-java-3.2.11.jar;C:\Users\Poovarasan.M\.m2\repository\com\github\docker-java\docker-java-core\3.2.11\docker-java-core-3.2.11.jar;C:\Users\Poovarasan.M\.m2\repository\com\github\docker-java\docker-java-api\3.2.11\docker-java-api-3.2.11.jar;C:\Users\Poovarasan.M\.m2\repository\com\fasterxml\jackson\core\jackson-annotations\2.10.3\jackson-annotations-2.10.3.jar;C:\Users\Poovarasan.M\.m2\repository\org\apache\commons\commons-compress\1.20\commons-compress-1.20.jar;C:\Users\Poovarasan.M\.m2\repository\commons-lang\commons-lang\2.6\commons-lang-2.6.jar;C:\Users\Poovarasan.M\.m2\repository\com\fasterxml\jackson\core\jackson-databind\2.10.3\jackson-databind-2.10.3.jar;C:\Users\Poovarasan.M\.m2\repository\com\fasterxml\jackson\core\jackson-core\2.10.3\jackson-core-2.10.3.jar;C:\Users\Poovarasan.M\.m2\repository\org\bouncycastle\bcpkix-jdk15on\1.64\bcpkix-jdk15on-1.64.jar;C:\Users\Poovarasan.M\.m2\repository\org\bouncycastle\bcprov-jdk15on\1.64\bcprov-jdk15on-1.64.jar;C:\Users\Poovarasan.M\.m2\repository\org\slf4j\jcl-over-slf4j\1.7.30\jcl-over-slf4j-1.7.30.jar;C:\Users\Poovarasan.M\.m2\repository\com\github\docker-java\docker-java-transport-httpclient5\3.2.11\docker-java-transport-httpclient5-3.2.11.jar;C:\Users\Poovarasan.M\.m2\repository\com\github\docker-java\docker-java-transport\3.2.11\docker-java-transport-3.2.11.jar;C:\Users\Poovarasan.M\.m2\repository\org\apache\httpcomponents\client5\httpclient5\5.0.3\httpclient5-5.0.3.jar;C:\Users\Poovarasan.M\.m2\repository\org\apache\httpcomponents\core5\httpcore5\5.0.2\httpcore5-5.0.2.jar;C:\Users\Poovarasan.M\.m2\repository\net\java\dev\jna\jna\5.8.0\jna-5.8.0.jar;C:\Users\Poovarasan.M\.m2\repository\com\google\guava\guava\30.1.1-jre\guava-30.1.1-jre.jar;C:\Users\Poovarasan.M\.m2\repository\com\google\guava\failureaccess\1.0.1\failureaccess-1.0.1.jar;C:\Users\Poovarasan.M\.m2\repository\com\google\guava\listenablefuture\9999.0-empty-to-avoid-conflict-with-guava\listenablefuture-9999.0-empty-to-avoid-conflict-with-guava.jar;C:\Users\Poovarasan.M\.m2\repository\com\google\code\findbugs\jsr305\3.0.2\jsr305-3.0.2.jar;C:\Users\Poovarasan.M\.m2\repository\org\checkerframework\checker-qual\3.8.0\checker-qual-3.8.0.jar;C:\Users\Poovarasan.M\.m2\repository\com\google\errorprone\error_prone_annotations\2.5.1\error_prone_annotations-2.5.1.jar;C:\Users\Poovarasan.M\.m2\repository\com\google\j2objc\j2objc-annotations\1.3\j2objc-annotations-1.3.jar;C:\Users\Poovarasan.M\.m2\repository\org\brotli\dec\0.1.2\dec-0.1.2.jar;C:\Users\Poovarasan.M\.m2\repository\org\apache\logging\log4j\log4j-core\2.24.3\log4j-core-2.24.3.jar;C:\Users\Poovarasan.M\.m2\repository\org\apache\logging\log4j\log4j-api\2.24.3\log4j-api-2.24.3.jar;C:\Users\Poovarasan.M\.m2\repository\org\slf4j\slf4j-api\2.0.12\slf4j-api-2.0.12.jar;C:\Users\Poovarasan.M\.m2\repository\org\slf4j\slf4j-simple\2.0.12\slf4j-simple-2.0.12.jar;C:\Users\Poovarasan.M\.m2\repository\org\json\json\20210307\json-20210307.jar;C:\Users\Poovarasan.M\.m2\repository\com\googlecode\json-simple\json-simple\1.1.1\json-simple-1.1.1.jar;C:\Users\Poovarasan.M\.m2\repository\junit\junit\4.10\junit-4.10.jar;C:\Users\Poovarasan.M\.m2\repository\org\hamcrest\hamcrest-core\1.1\hamcrest-core-1.1.jar
Launcher Type: SUN_STANDARD

[Global flags]
     intx CICompilerCount                          = 4                                         {product} {ergonomic}
     uint ConcGCThreads                            = 2                                         {product} {ergonomic}
     uint G1ConcRefinementThreads                  = 8                                         {product} {ergonomic}
   size_t G1HeapRegionSize                         = 2097152                                   {product} {ergonomic}
   size_t InitialHeapSize                          = 266338304                                 {product} {ergonomic}
   size_t MarkStackSize                            = 4194304                                   {product} {ergonomic}
   size_t MaxHeapSize                              = 4259315712                                {product} {ergonomic}
   size_t MaxNewSize                               = 2554331136                                {product} {ergonomic}
   size_t MinHeapDeltaBytes                        = 2097152                                   {product} {ergonomic}
   size_t MinHeapSize                              = 8388608                                   {product} {ergonomic}
    uintx NonNMethodCodeHeapSize                   = 5839372                                {pd product} {ergonomic}
    uintx NonProfiledCodeHeapSize                  = 122909434                              {pd product} {ergonomic}
    uintx ProfiledCodeHeapSize                     = 122909434                              {pd product} {ergonomic}
    uintx ReservedCodeCacheSize                    = 251658240                              {pd product} {ergonomic}
     bool SegmentedCodeCache                       = true                                      {product} {ergonomic}
     bool ShowCodeDetailsInExceptionMessages       = true                                   {manageable} {command line}
   size_t SoftMaxHeapSize                          = 4259315712                             {manageable} {ergonomic}
     bool UseCompressedOops                        = true                           {product lp64_product} {ergonomic}
     bool UseG1GC                                  = true                                      {product} {ergonomic}
     bool UseLargePagesIndividualAllocation        = false                                  {pd product} {ergonomic}

Logging:
Log output configuration:
 #0: stdout all=warning uptime,level,tags foldmultilines=false
 #1: stderr all=off uptime,level,tags foldmultilines=false

Environment Variables:
JAVA_HOME=C:\Program Files\Java\jdk-17
PATH=C:\Users\Poovarasan.M\.p2\pool\plugins\org.eclipse.justj.openjdk.hotspot.jre.full.win32.x86_64_22.0.2.v20240802-1626\jre\bin;C:/Users/Poovarasan.M/.p2/pool/plugins/org.eclipse.justj.openjdk.hotspot.jre.full.win32.x86_64_22.0.2.v20240802-1626/jre/bin/server;C:/Users/Poovarasan.M/.p2/pool/plugins/org.eclipse.justj.openjdk.hotspot.jre.full.win32.x86_64_22.0.2.v20240802-1626/jre/bin;C:\Program Files\Common Files\Oracle\Java\javapath;C:\Program Files (x86)\Common Files\Oracle\Java\java8path;C:\Program Files (x86)\Common Files\Oracle\Java\javapath;C:\Python312\Scripts\;C:\Python312\;C:\WINDOWS\system32;C:\WINDOWS;C:\WINDOWS\System32\Wbem;C:\WINDOWS\System32\WindowsPowerShell\v1.0\;C:\WINDOWS\System32\OpenSSH\;C:\Program Files\Microsoft SQL Server\150\Tools\Binn\;C:\Program Files\dotnet\;C:\Program Files\TortoiseSVN\bin;C:\Program Files\nodejs\;C:\ProgramData\chocolatey\bin;C:\Maven\apache-maven-3.9.0\bin;C:\Program Files\Git\cmd;C:\Program Files\Java\jdk-17\bin;C:\Users\Poovarasan.M\AppData\Local\Microsoft\WindowsApps;;C:\Users\Poovarasan.M\Desktop;
USERNAME=Poovarasan.M
OS=Windows_NT
PROCESSOR_IDENTIFIER=Intel64 Family 6 Model 142 Stepping 10, GenuineIntel
TMP=C:\Users\POOVAR~1.M\AppData\Local\Temp
TEMP=C:\Users\POOVAR~1.M\AppData\Local\Temp




Periodic native trim disabled

---------------  S Y S T E M  ---------------

OS:
 Windows 11 , 64 bit Build 26100 (10.0.26100.3037)
OS uptime: 10 days 22:41 hours

CPU: total 8 (initial active 8) (4 cores per cpu, 2 threads per core) family 6 model 142 stepping 10 microcode 0xf4, cx8, cmov, fxsr, ht, mmx, 3dnowpref, sse, sse2, sse3, ssse3, sse4.1, sse4.2, popcnt, lzcnt, tsc, tscinvbit, avx, avx2, aes, erms, clmul, bmi1, bmi2, adx, fma, vzeroupper, clflush, clflushopt, rdtscp, f16c
Processor Information for all 8 processors :
  Max Mhz: 1800, Current Mhz: 1600, Mhz Limit: 1584

Memory: 4k page, system-wide physical 16242M (5722M free)
TotalPageFile size 17266M (AvailPageFile size 3223M)
current process WorkingSet (physical memory assigned to process): 194M, peak: 243M
current process commit charge ("private bytes"): 222M, peak: 371M

vm_info: OpenJDK 64-Bit Server VM (22.0.2+9) for windows-amd64 JRE (22.0.2+9), built on 2024-07-16T00:00:00Z by "admin" with MS VC++ 17.7 (VS2022)

END.
